[2025-10-24 15:09:08Z INFO HostContext] No proxy settings were found based on environmental variables (http_proxy/https_proxy/HTTP_PROXY/HTTPS_PROXY)
[2025-10-24 15:09:08Z INFO HostContext] Well known directory 'Bin': 'D:\document\hoc\LTHDV\EProject-Phase-1\22694091_NguyenThiYenBinh_EProject\actions-runner\bin'
[2025-10-24 15:09:08Z INFO HostContext] Well known directory 'Root': 'D:\document\hoc\LTHDV\EProject-Phase-1\22694091_NguyenThiYenBinh_EProject\actions-runner'
[2025-10-24 15:09:08Z INFO HostContext] Well known config file 'Credentials': 'D:\document\hoc\LTHDV\EProject-Phase-1\22694091_NguyenThiYenBinh_EProject\actions-runner\.credentials'
[2025-10-24 15:09:09Z INFO HostContext] Well known directory 'Bin': 'D:\document\hoc\LTHDV\EProject-Phase-1\22694091_NguyenThiYenBinh_EProject\actions-runner\bin'
[2025-10-24 15:09:09Z INFO HostContext] Well known directory 'Root': 'D:\document\hoc\LTHDV\EProject-Phase-1\22694091_NguyenThiYenBinh_EProject\actions-runner'
[2025-10-24 15:09:09Z INFO HostContext] Well known config file 'Runner': 'D:\document\hoc\LTHDV\EProject-Phase-1\22694091_NguyenThiYenBinh_EProject\actions-runner\.runner'
[2025-10-24 15:09:09Z INFO Listener] Runner is built for Windows (X64) - win-x64.
[2025-10-24 15:09:09Z INFO Listener] RuntimeInformation: Microsoft Windows 10.0.26100.
[2025-10-24 15:09:09Z INFO Listener] Version: 2.329.0
[2025-10-24 15:09:09Z INFO Listener] Commit: c76c59996c8fa32e989164a5a695efb12608ae5a
[2025-10-24 15:09:09Z INFO Listener] Culture: en-US
[2025-10-24 15:09:09Z INFO Listener] UI Culture: en-US
[2025-10-24 15:09:09Z INFO HostContext] Well known directory 'Bin': 'D:\document\hoc\LTHDV\EProject-Phase-1\22694091_NguyenThiYenBinh_EProject\actions-runner\bin'
[2025-10-24 15:09:09Z INFO HostContext] Well known directory 'Root': 'D:\document\hoc\LTHDV\EProject-Phase-1\22694091_NguyenThiYenBinh_EProject\actions-runner'
[2025-10-24 15:09:09Z INFO Listener] Validating directory permissions for: 'D:\document\hoc\LTHDV\EProject-Phase-1\22694091_NguyenThiYenBinh_EProject\actions-runner'
[2025-10-24 15:09:09Z INFO CommandLineParser] Parse
[2025-10-24 15:09:09Z INFO CommandLineParser] Parsing 1 args
[2025-10-24 15:09:09Z INFO CommandLineParser] parsing argument
[2025-10-24 15:09:09Z INFO CommandLineParser] HasArgs: False
[2025-10-24 15:09:09Z INFO CommandLineParser] Adding Command: run
[2025-10-24 15:09:09Z INFO Listener] Arguments parsed
[2025-10-24 15:09:09Z INFO Runner] ExecuteCommand
[2025-10-24 15:09:09Z INFO ConfigurationStore] currentAssemblyLocation: D:\document\hoc\LTHDV\EProject-Phase-1\22694091_NguyenThiYenBinh_EProject\actions-runner\bin\Runner.Listener.dll
[2025-10-24 15:09:09Z INFO HostContext] Well known directory 'Bin': 'D:\document\hoc\LTHDV\EProject-Phase-1\22694091_NguyenThiYenBinh_EProject\actions-runner\bin'
[2025-10-24 15:09:09Z INFO ConfigurationStore] binPath: D:\document\hoc\LTHDV\EProject-Phase-1\22694091_NguyenThiYenBinh_EProject\actions-runner\bin
[2025-10-24 15:09:09Z INFO HostContext] Well known directory 'Bin': 'D:\document\hoc\LTHDV\EProject-Phase-1\22694091_NguyenThiYenBinh_EProject\actions-runner\bin'
[2025-10-24 15:09:09Z INFO HostContext] Well known directory 'Root': 'D:\document\hoc\LTHDV\EProject-Phase-1\22694091_NguyenThiYenBinh_EProject\actions-runner'
[2025-10-24 15:09:09Z INFO ConfigurationStore] RootFolder: D:\document\hoc\LTHDV\EProject-Phase-1\22694091_NguyenThiYenBinh_EProject\actions-runner
[2025-10-24 15:09:09Z INFO HostContext] Well known directory 'Bin': 'D:\document\hoc\LTHDV\EProject-Phase-1\22694091_NguyenThiYenBinh_EProject\actions-runner\bin'
[2025-10-24 15:09:09Z INFO HostContext] Well known directory 'Root': 'D:\document\hoc\LTHDV\EProject-Phase-1\22694091_NguyenThiYenBinh_EProject\actions-runner'
[2025-10-24 15:09:09Z INFO HostContext] Well known config file 'Runner': 'D:\document\hoc\LTHDV\EProject-Phase-1\22694091_NguyenThiYenBinh_EProject\actions-runner\.runner'
[2025-10-24 15:09:09Z INFO ConfigurationStore] ConfigFilePath: D:\document\hoc\LTHDV\EProject-Phase-1\22694091_NguyenThiYenBinh_EProject\actions-runner\.runner
[2025-10-24 15:09:09Z INFO HostContext] Well known directory 'Bin': 'D:\document\hoc\LTHDV\EProject-Phase-1\22694091_NguyenThiYenBinh_EProject\actions-runner\bin'
[2025-10-24 15:09:09Z INFO HostContext] Well known directory 'Root': 'D:\document\hoc\LTHDV\EProject-Phase-1\22694091_NguyenThiYenBinh_EProject\actions-runner'
[2025-10-24 15:09:09Z INFO HostContext] Well known config file 'MigratedRunner': 'D:\document\hoc\LTHDV\EProject-Phase-1\22694091_NguyenThiYenBinh_EProject\actions-runner\.runner_migrated'
[2025-10-24 15:09:09Z INFO ConfigurationStore] MigratedConfigFilePath: D:\document\hoc\LTHDV\EProject-Phase-1\22694091_NguyenThiYenBinh_EProject\actions-runner\.runner_migrated
[2025-10-24 15:09:09Z INFO HostContext] Well known directory 'Bin': 'D:\document\hoc\LTHDV\EProject-Phase-1\22694091_NguyenThiYenBinh_EProject\actions-runner\bin'
[2025-10-24 15:09:09Z INFO HostContext] Well known directory 'Root': 'D:\document\hoc\LTHDV\EProject-Phase-1\22694091_NguyenThiYenBinh_EProject\actions-runner'
[2025-10-24 15:09:09Z INFO HostContext] Well known config file 'Credentials': 'D:\document\hoc\LTHDV\EProject-Phase-1\22694091_NguyenThiYenBinh_EProject\actions-runner\.credentials'
[2025-10-24 15:09:09Z INFO ConfigurationStore] CredFilePath: D:\document\hoc\LTHDV\EProject-Phase-1\22694091_NguyenThiYenBinh_EProject\actions-runner\.credentials
[2025-10-24 15:09:09Z INFO HostContext] Well known directory 'Bin': 'D:\document\hoc\LTHDV\EProject-Phase-1\22694091_NguyenThiYenBinh_EProject\actions-runner\bin'
[2025-10-24 15:09:09Z INFO HostContext] Well known directory 'Root': 'D:\document\hoc\LTHDV\EProject-Phase-1\22694091_NguyenThiYenBinh_EProject\actions-runner'
[2025-10-24 15:09:09Z INFO HostContext] Well known config file 'MigratedCredentials': 'D:\document\hoc\LTHDV\EProject-Phase-1\22694091_NguyenThiYenBinh_EProject\actions-runner\.credentials_migrated'
[2025-10-24 15:09:09Z INFO ConfigurationStore] MigratedCredFilePath: D:\document\hoc\LTHDV\EProject-Phase-1\22694091_NguyenThiYenBinh_EProject\actions-runner\.credentials_migrated
[2025-10-24 15:09:09Z INFO HostContext] Well known directory 'Bin': 'D:\document\hoc\LTHDV\EProject-Phase-1\22694091_NguyenThiYenBinh_EProject\actions-runner\bin'
[2025-10-24 15:09:09Z INFO HostContext] Well known directory 'Root': 'D:\document\hoc\LTHDV\EProject-Phase-1\22694091_NguyenThiYenBinh_EProject\actions-runner'
[2025-10-24 15:09:09Z INFO HostContext] Well known config file 'Service': 'D:\document\hoc\LTHDV\EProject-Phase-1\22694091_NguyenThiYenBinh_EProject\actions-runner\.service'
[2025-10-24 15:09:09Z INFO ConfigurationStore] ServiceConfigFilePath: D:\document\hoc\LTHDV\EProject-Phase-1\22694091_NguyenThiYenBinh_EProject\actions-runner\.service
[2025-10-24 15:09:09Z INFO CommandSettings] Flag 'help': 'False'
[2025-10-24 15:09:09Z INFO CommandSettings] Flag 'version': 'False'
[2025-10-24 15:09:09Z INFO CommandSettings] Flag 'commit': 'False'
[2025-10-24 15:09:09Z INFO CommandSettings] Flag 'check': 'False'
[2025-10-24 15:09:09Z INFO CommandSettings] Command 'configure': 'False'
[2025-10-24 15:09:09Z INFO CommandSettings] Command 'remove': 'False'
[2025-10-24 15:09:09Z INFO CommandSettings] Command 'warmup': 'False'
[2025-10-24 15:09:09Z INFO ConfigurationManager] LoadSettings
[2025-10-24 15:09:09Z INFO ConfigurationStore] IsConfigured()
[2025-10-24 15:09:09Z INFO ConfigurationStore] IsConfigured: True
[2025-10-24 15:09:09Z INFO ConfigurationManager] Is configured: True
[2025-10-24 15:09:09Z INFO ConfigurationStore] Read setting file: 411 chars
[2025-10-24 15:09:09Z INFO ConfigurationManager] Settings Loaded
[2025-10-24 15:09:09Z INFO ConfigurationStore] IsServiceConfigured()
[2025-10-24 15:09:09Z INFO ConfigurationStore] IsServiceConfigured: True
[2025-10-24 15:09:09Z INFO CommandSettings] Command 'run': 'True'
[2025-10-24 15:09:09Z INFO ConfigurationStore] IsConfigured()
[2025-10-24 15:09:09Z INFO ConfigurationStore] IsConfigured: True
[2025-10-24 15:09:09Z INFO ConfigurationManager] Is configured: True
[2025-10-24 15:09:09Z INFO Runner] Try determine runner startup type base on console redirects.
[2025-10-24 15:09:09Z INFO Runner] Set runner startup type - Manual
[2025-10-24 15:09:09Z INFO CommandSettings] Flag 'once': 'False'
[2025-10-24 15:09:09Z INFO CommandSettings] Flag 'once': 'False'
[2025-10-24 15:09:09Z INFO Runner] RunAsync
[2025-10-24 15:09:09Z INFO ConfigurationManager] LoadMigratedSettings
[2025-10-24 15:09:09Z INFO ConfigurationStore] IsMigratedConfigured()
[2025-10-24 15:09:09Z INFO ConfigurationStore] IsMigratedConfigured: False
[2025-10-24 15:09:09Z INFO Runner] Failed to load migrated settings: No migrated configuration found.
[2025-10-24 15:09:09Z INFO Runner] Falling back to original .runner settings
[2025-10-24 15:09:09Z INFO Runner] Using BrokerMessageListener
[2025-10-24 15:09:09Z INFO BrokerMessageListener] Using provided settings
[2025-10-24 15:09:09Z INFO BrokerMessageListener] {
  "AgentId": 2,
  "AgentName": "YBINH",
  "PoolId": 1,
  "PoolName": "Default",
  "ServerUrl": "https://pipelinesghubeus10.actions.githubusercontent.com/WJS5UPUw92Mno211VHt0ORvI14TN0ZJeoUdbB6kpUpxlKu7XKK/",
  "GitHubUrl": "https://github.com/ybinh07/22694091_NguyenThiYenBinh_EProject",
  "WorkFolder": "_work",
  "UseV2Flow": true,
  "ServerUrlV2": "https://broker.actions.githubusercontent.com/"
}
[2025-10-24 15:09:09Z INFO BrokerMessageListener] Loading Credentials
[2025-10-24 15:09:09Z INFO ConfigurationStore] HasCredentials()
[2025-10-24 15:09:09Z INFO ConfigurationStore] stored True
[2025-10-24 15:09:09Z INFO CredentialManager] GetCredentialProvider
[2025-10-24 15:09:09Z INFO CredentialManager] Creating type OAuth
[2025-10-24 15:09:09Z INFO CredentialManager] Creating credential type: OAuth
[2025-10-24 15:09:09Z INFO HostContext] Well known directory 'Bin': 'D:\document\hoc\LTHDV\EProject-Phase-1\22694091_NguyenThiYenBinh_EProject\actions-runner\bin'
[2025-10-24 15:09:09Z INFO HostContext] Well known directory 'Root': 'D:\document\hoc\LTHDV\EProject-Phase-1\22694091_NguyenThiYenBinh_EProject\actions-runner'
[2025-10-24 15:09:09Z INFO HostContext] Well known config file 'RSACredentials': 'D:\document\hoc\LTHDV\EProject-Phase-1\22694091_NguyenThiYenBinh_EProject\actions-runner\.credentials_rsaparams'
[2025-10-24 15:09:09Z INFO RSAEncryptedFileKeyManager] Loading RSA key parameters from file D:\document\hoc\LTHDV\EProject-Phase-1\22694091_NguyenThiYenBinh_EProject\actions-runner\.credentials_rsaparams
[2025-10-24 15:09:09Z INFO BrokerMessageListener] Attempt to create session.
[2025-10-24 15:09:09Z INFO BrokerMessageListener] Connecting to the Broker Server...
[2025-10-24 15:09:09Z INFO ConfigurationStore] HasCredentials()
[2025-10-24 15:09:09Z INFO ConfigurationStore] stored True
[2025-10-24 15:09:09Z INFO CredentialManager] GetCredentialProvider
[2025-10-24 15:09:09Z INFO CredentialManager] Creating type OAuth
[2025-10-24 15:09:09Z INFO CredentialManager] Creating credential type: OAuth
[2025-10-24 15:09:09Z INFO RSAEncryptedFileKeyManager] Loading RSA key parameters from file D:\document\hoc\LTHDV\EProject-Phase-1\22694091_NguyenThiYenBinh_EProject\actions-runner\.credentials_rsaparams
[2025-10-24 15:09:09Z INFO BrokerMessageListener] VssConnection created
[2025-10-24 15:09:09Z INFO BrokerMessageListener] Connecting to the Runner server...
[2025-10-24 15:09:09Z INFO RunnerServer] EstablishVssConnection
[2025-10-24 15:09:09Z INFO RunnerServer] Establish connection with 100 seconds timeout.
[2025-10-24 15:09:09Z INFO GitHubActionsService] Starting operation Location.GetConnectionData
[2025-10-24 15:09:09Z INFO RunnerServer] EstablishVssConnection
[2025-10-24 15:09:09Z INFO RunnerServer] Establish connection with 60 seconds timeout.
[2025-10-24 15:09:09Z INFO GitHubActionsService] Starting operation Location.GetConnectionData
[2025-10-24 15:09:09Z INFO RunnerServer] EstablishVssConnection
[2025-10-24 15:09:09Z INFO RunnerServer] Establish connection with 60 seconds timeout.
[2025-10-24 15:09:09Z INFO GitHubActionsService] Starting operation Location.GetConnectionData
[2025-10-24 15:09:11Z INFO GitHubActionsService] Finished operation Location.GetConnectionData
[2025-10-24 15:09:11Z INFO GitHubActionsService] Finished operation Location.GetConnectionData
[2025-10-24 15:09:11Z INFO GitHubActionsService] Finished operation Location.GetConnectionData
[2025-10-24 15:09:11Z INFO BrokerMessageListener] VssConnection created
[2025-10-24 15:09:11Z INFO Terminal] WRITE LINE: 
[2025-10-24 15:09:11Z INFO Terminal] WRITE LINE: 
[2025-10-24 15:09:11Z INFO RSAEncryptedFileKeyManager] Loading RSA key parameters from file D:\document\hoc\LTHDV\EProject-Phase-1\22694091_NguyenThiYenBinh_EProject\actions-runner\.credentials_rsaparams
[2025-10-24 15:09:11Z INFO RSAEncryptedFileKeyManager] Loading RSA key parameters from file D:\document\hoc\LTHDV\EProject-Phase-1\22694091_NguyenThiYenBinh_EProject\actions-runner\.credentials_rsaparams
[2025-10-24 15:09:12Z INFO GitHubActionsService] AAD Correlation ID for this token request: Unknown
[2025-10-24 15:09:12Z INFO BrokerMessageListener] Session created.
[2025-10-24 15:09:12Z INFO Terminal] WRITE LINE: Current runner version: '2.329.0'
[2025-10-24 15:09:12Z INFO Terminal] WRITE LINE: 2025-10-24 15:09:12Z: Listening for Jobs
[2025-10-24 15:09:12Z INFO JobDispatcher] Set runner/worker IPC timeout to 30 seconds.
[2025-10-24 15:09:13Z INFO ConfigurationStore] HasCredentials()
[2025-10-24 15:09:13Z INFO ConfigurationStore] stored True
[2025-10-24 15:09:13Z INFO CredentialManager] GetCredentialProvider
[2025-10-24 15:09:13Z INFO CredentialManager] Creating type OAuth
[2025-10-24 15:09:13Z INFO CredentialManager] Creating credential type: OAuth
[2025-10-24 15:09:13Z INFO RSAEncryptedFileKeyManager] Loading RSA key parameters from file D:\document\hoc\LTHDV\EProject-Phase-1\22694091_NguyenThiYenBinh_EProject\actions-runner\.credentials_rsaparams
[2025-10-24 15:09:13Z INFO RSAEncryptedFileKeyManager] Loading RSA key parameters from file D:\document\hoc\LTHDV\EProject-Phase-1\22694091_NguyenThiYenBinh_EProject\actions-runner\.credentials_rsaparams
[2025-10-24 15:09:13Z INFO RSAEncryptedFileKeyManager] Loading RSA key parameters from file D:\document\hoc\LTHDV\EProject-Phase-1\22694091_NguyenThiYenBinh_EProject\actions-runner\.credentials_rsaparams
[2025-10-24 15:09:14Z INFO GitHubActionsService] AAD Correlation ID for this token request: Unknown
[2025-10-24 15:09:16Z INFO JobDispatcher] Job request 0 for plan 1e93ce8d-0eb5-434d-a966-bf9ff41ef28a job faba3c9f-e3fc-5d0e-93c9-dd442de44109 received.
[2025-10-24 15:09:16Z INFO JobDispatcher] Pull OrchestrationId 1e93ce8d-0eb5-434d-a966-bf9ff41ef28a.build-and-push.__default from JWT claims
[2025-10-24 15:09:16Z INFO BrokerMessageListener] Received job status event. JobState: Busy
[2025-10-24 15:09:16Z INFO BrokerMessageListener] _getMessagesTokenSource is already disposed.
[2025-10-24 15:09:16Z INFO Terminal] WRITE LINE: 2025-10-24 15:09:16Z: Running job: 🧱 Build & Push (api-gateway, product, order)
[2025-10-24 15:09:16Z INFO JobDispatcher] Start renew job request 0 for job faba3c9f-e3fc-5d0e-93c9-dd442de44109.
[2025-10-24 15:09:16Z INFO JobDispatcher] Successfully renew job faba3c9f-e3fc-5d0e-93c9-dd442de44109, job is valid till 10/24/2025 3:19:16 PM
[2025-10-24 15:09:16Z INFO HostContext] Well known directory 'Bin': 'D:\document\hoc\LTHDV\EProject-Phase-1\22694091_NguyenThiYenBinh_EProject\actions-runner\bin'
[2025-10-24 15:09:16Z INFO ProcessInvokerWrapper] Starting process:
[2025-10-24 15:09:16Z INFO ProcessInvokerWrapper]   File name: 'D:\document\hoc\LTHDV\EProject-Phase-1\22694091_NguyenThiYenBinh_EProject\actions-runner\bin\Runner.Worker.exe'
[2025-10-24 15:09:16Z INFO ProcessInvokerWrapper]   Arguments: 'spawnclient 2240 2252'
[2025-10-24 15:09:16Z INFO ProcessInvokerWrapper]   Working directory: 'D:\document\hoc\LTHDV\EProject-Phase-1\22694091_NguyenThiYenBinh_EProject\actions-runner\bin'
[2025-10-24 15:09:16Z INFO ProcessInvokerWrapper]   Require exit code zero: 'False'
[2025-10-24 15:09:16Z INFO ProcessInvokerWrapper]   Encoding web name:  ; code page: ''
[2025-10-24 15:09:16Z INFO ProcessInvokerWrapper]   Force kill process on cancellation: 'True'
[2025-10-24 15:09:16Z INFO ProcessInvokerWrapper]   Redirected STDIN: 'False'
[2025-10-24 15:09:16Z INFO ProcessInvokerWrapper]   Persist current code page: 'False'
[2025-10-24 15:09:16Z INFO ProcessInvokerWrapper]   Keep redirected STDIN open: 'False'
[2025-10-24 15:09:16Z INFO ProcessInvokerWrapper]   High priority process: 'True'
[2025-10-24 15:09:17Z INFO ProcessInvokerWrapper] Process started with process id 10828, waiting for process exit.
[2025-10-24 15:09:17Z INFO JobDispatcher] Send job request message to worker for job faba3c9f-e3fc-5d0e-93c9-dd442de44109.
[2025-10-24 15:09:17Z INFO ProcessChannel] Sending message of length 26003, with hash '800ca1c834f1a3531e52bd9511e2cbecd567406f800351ca60eac1143f828fc9'
[2025-10-24 15:09:17Z INFO JobNotification] Entering JobStarted Notification
[2025-10-24 15:09:17Z INFO JobNotification] Entering StartMonitor
[2025-10-24 15:10:17Z INFO JobDispatcher] Successfully renew job faba3c9f-e3fc-5d0e-93c9-dd442de44109, job is valid till 10/24/2025 3:20:17 PM
[2025-10-24 15:11:17Z INFO JobDispatcher] Successfully renew job faba3c9f-e3fc-5d0e-93c9-dd442de44109, job is valid till 10/24/2025 3:21:17 PM
[2025-10-24 15:12:17Z INFO JobDispatcher] Successfully renew job faba3c9f-e3fc-5d0e-93c9-dd442de44109, job is valid till 10/24/2025 3:22:17 PM
[2025-10-24 15:13:18Z INFO JobDispatcher] Successfully renew job faba3c9f-e3fc-5d0e-93c9-dd442de44109, job is valid till 10/24/2025 3:23:17 PM
[2025-10-24 15:14:18Z INFO JobDispatcher] Successfully renew job faba3c9f-e3fc-5d0e-93c9-dd442de44109, job is valid till 10/24/2025 3:24:18 PM
[2025-10-24 15:15:19Z INFO JobDispatcher] Successfully renew job faba3c9f-e3fc-5d0e-93c9-dd442de44109, job is valid till 10/24/2025 3:25:18 PM
[2025-10-24 15:16:19Z INFO JobDispatcher] Successfully renew job faba3c9f-e3fc-5d0e-93c9-dd442de44109, job is valid till 10/24/2025 3:26:19 PM
[2025-10-24 15:17:19Z INFO JobDispatcher] Successfully renew job faba3c9f-e3fc-5d0e-93c9-dd442de44109, job is valid till 10/24/2025 3:27:19 PM
[2025-10-24 15:18:20Z INFO JobDispatcher] Successfully renew job faba3c9f-e3fc-5d0e-93c9-dd442de44109, job is valid till 10/24/2025 3:28:19 PM
[2025-10-24 15:19:20Z INFO JobDispatcher] Successfully renew job faba3c9f-e3fc-5d0e-93c9-dd442de44109, job is valid till 10/24/2025 3:29:20 PM
[2025-10-24 15:20:20Z INFO JobDispatcher] Successfully renew job faba3c9f-e3fc-5d0e-93c9-dd442de44109, job is valid till 10/24/2025 3:30:20 PM
[2025-10-24 15:21:21Z INFO JobDispatcher] Successfully renew job faba3c9f-e3fc-5d0e-93c9-dd442de44109, job is valid till 10/24/2025 3:31:20 PM
[2025-10-24 15:22:21Z INFO JobDispatcher] Successfully renew job faba3c9f-e3fc-5d0e-93c9-dd442de44109, job is valid till 10/24/2025 3:32:20 PM
[2025-10-24 15:23:21Z INFO JobDispatcher] Successfully renew job faba3c9f-e3fc-5d0e-93c9-dd442de44109, job is valid till 10/24/2025 3:33:21 PM
[2025-10-24 15:24:21Z INFO JobDispatcher] Successfully renew job faba3c9f-e3fc-5d0e-93c9-dd442de44109, job is valid till 10/24/2025 3:34:21 PM
[2025-10-24 15:25:22Z INFO JobDispatcher] Successfully renew job faba3c9f-e3fc-5d0e-93c9-dd442de44109, job is valid till 10/24/2025 3:35:21 PM
[2025-10-24 15:26:22Z INFO JobDispatcher] Successfully renew job faba3c9f-e3fc-5d0e-93c9-dd442de44109, job is valid till 10/24/2025 3:36:22 PM
[2025-10-24 15:27:22Z INFO JobDispatcher] Successfully renew job faba3c9f-e3fc-5d0e-93c9-dd442de44109, job is valid till 10/24/2025 3:37:22 PM
[2025-10-24 15:28:22Z INFO JobDispatcher] Successfully renew job faba3c9f-e3fc-5d0e-93c9-dd442de44109, job is valid till 10/24/2025 3:38:22 PM
[2025-10-24 15:29:23Z INFO JobDispatcher] Successfully renew job faba3c9f-e3fc-5d0e-93c9-dd442de44109, job is valid till 10/24/2025 3:39:22 PM
[2025-10-24 15:30:23Z INFO JobDispatcher] Successfully renew job faba3c9f-e3fc-5d0e-93c9-dd442de44109, job is valid till 10/24/2025 3:40:23 PM
[2025-10-24 15:31:19Z INFO ProcessInvokerWrapper] STDOUT/STDERR stream read finished.
[2025-10-24 15:31:19Z INFO ProcessInvokerWrapper] STDOUT/STDERR stream read finished.
[2025-10-24 15:31:19Z INFO ProcessInvokerWrapper] Finished process 10828 with exit code 102, and elapsed time 00:22:02.3582354.
[2025-10-24 15:31:19Z INFO JobDispatcher] Worker finished for job faba3c9f-e3fc-5d0e-93c9-dd442de44109. Code: 102
[2025-10-24 15:31:19Z INFO JobDispatcher] finish job request for job faba3c9f-e3fc-5d0e-93c9-dd442de44109 with result: Failed
[2025-10-24 15:31:19Z INFO Terminal] WRITE LINE: 2025-10-24 15:31:19Z: Job 🧱 Build & Push (api-gateway, product, order) completed with result: Failed
[2025-10-24 15:31:19Z INFO JobDispatcher] Stop renew job request for job faba3c9f-e3fc-5d0e-93c9-dd442de44109.
[2025-10-24 15:31:19Z INFO JobDispatcher] job renew has been cancelled, stop renew job faba3c9f-e3fc-5d0e-93c9-dd442de44109.
[2025-10-24 15:31:19Z INFO JobNotification] Entering JobCompleted Notification
[2025-10-24 15:31:19Z INFO JobNotification] Entering EndMonitor
[2025-10-24 15:31:19Z INFO BrokerMessageListener] Received job status event. JobState: Online
[2025-10-24 15:31:19Z WARN GitHubActionsService] GET request to https://broker.actions.githubusercontent.com/message?sessionId=4b541fb9-cd72-4e61-9685-a894e67561eb&status=Busy&runnerVersion=2.329.0&os=Windows&architecture=X64&disableUpdate=false has been cancelled.
[2025-10-24 15:31:19Z ERR  BrokerServer] Catch exception during request
[2025-10-24 15:31:19Z ERR  BrokerServer] System.Threading.Tasks.TaskCanceledException: The operation was canceled.
 ---> System.Threading.Tasks.TaskCanceledException: The operation was canceled.
 ---> System.IO.IOException: Unable to read data from the transport connection: The I/O operation has been aborted because of either a thread exit or an application request..
 ---> System.Net.Sockets.SocketException (995): The I/O operation has been aborted because of either a thread exit or an application request.
   --- End of inner exception stack trace ---
   at System.Net.Sockets.Socket.AwaitableSocketAsyncEventArgs.ThrowException(SocketError error, CancellationToken cancellationToken)
   at System.Net.Sockets.Socket.AwaitableSocketAsyncEventArgs.System.Threading.Tasks.Sources.IValueTaskSource<System.Int32>.GetResult(Int16 token)
   at System.Net.Security.SslStream.EnsureFullTlsFrameAsync[TIOAdapter](CancellationToken cancellationToken, Int32 estimatedSize)
   at System.Runtime.CompilerServices.PoolingAsyncValueTaskMethodBuilder`1.StateMachineBox`1.System.Threading.Tasks.Sources.IValueTaskSource<TResult>.GetResult(Int16 token)
   at System.Net.Security.SslStream.ReadAsyncInternal[TIOAdapter](Memory`1 buffer, CancellationToken cancellationToken)
   at System.Runtime.CompilerServices.PoolingAsyncValueTaskMethodBuilder`1.StateMachineBox`1.System.Threading.Tasks.Sources.IValueTaskSource<TResult>.GetResult(Int16 token)
   at System.Net.Http.HttpConnection.SendAsync(HttpRequestMessage request, Boolean async, CancellationToken cancellationToken)
   --- End of inner exception stack trace ---
   at System.Net.Http.HttpConnection.SendAsync(HttpRequestMessage request, Boolean async, CancellationToken cancellationToken)
   at System.Net.Http.AuthenticationHelper.SendWithNtAuthAsync(HttpRequestMessage request, Uri authUri, Boolean async, ICredentials credentials, Boolean isProxyAuth, HttpConnection connection, HttpConnectionPool connectionPool, CancellationToken cancellationToken)
   at System.Net.Http.HttpConnectionPool.SendWithVersionDetectionAndRetryAsync(HttpRequestMessage request, Boolean async, Boolean doRequestAuth, CancellationToken cancellationToken)
   at System.Net.Http.AuthenticationHelper.SendWithAuthAsync(HttpRequestMessage request, Uri authUri, Boolean async, ICredentials credentials, Boolean preAuthenticate, Boolean isProxyAuth, Boolean doRequestAuth, HttpConnectionPool pool, CancellationToken cancellationToken)
   at System.Net.Http.RedirectHandler.SendAsync(HttpRequestMessage request, Boolean async, CancellationToken cancellationToken)
   at GitHub.Services.Common.RawHttpMessageHandler.SendAsync(HttpRequestMessage request, CancellationToken cancellationToken)
   at GitHub.Services.Common.VssHttpRetryMessageHandler.SendAsync(HttpRequestMessage request, CancellationToken cancellationToken)
   at System.Net.Http.HttpClient.<SendAsync>g__Core|83_0(HttpRequestMessage request, HttpCompletionOption completionOption, CancellationTokenSource cts, Boolean disposeCts, CancellationTokenSource pendingRequestsCts, CancellationToken originalCancellationToken)
   --- End of inner exception stack trace ---
   at System.Net.Http.HttpClient.HandleFailure(Exception e, Boolean telemetryStarted, HttpResponseMessage response, CancellationTokenSource cts, CancellationToken cancellationToken, CancellationTokenSource pendingRequestsCts)
   at System.Net.Http.HttpClient.<SendAsync>g__Core|83_0(HttpRequestMessage request, HttpCompletionOption completionOption, CancellationTokenSource cts, Boolean disposeCts, CancellationTokenSource pendingRequestsCts, CancellationToken originalCancellationToken)
   at Sdk.WebApi.WebApi.RawHttpClientBase.SendAsync(HttpRequestMessage message, HttpCompletionOption completionOption, Object userState, CancellationToken cancellationToken)
   at Sdk.WebApi.WebApi.RawHttpClientBase.SendAsync[T](HttpRequestMessage message, Boolean readErrorBody, Object userState, CancellationToken cancellationToken)
   at Sdk.WebApi.WebApi.RawHttpClientBase.SendAsync[T](HttpMethod method, IEnumerable`1 additionalHeaders, Uri requestUri, HttpContent content, IEnumerable`1 queryParameters, Boolean readErrorBody, Object userState, CancellationToken cancellationToken)
   at GitHub.Actions.RunService.WebApi.BrokerHttpClient.GetRunnerMessageAsync(Nullable`1 sessionId, String runnerVersion, Nullable`1 status, String os, String architecture, Nullable`1 disableUpdate, CancellationToken cancellationToken)
   at GitHub.Runner.Common.BrokerServer.<>c__DisplayClass7_0.<<GetRunnerMessageAsync>b__0>d.MoveNext()
--- End of stack trace from previous location ---
   at GitHub.Runner.Common.RunnerService.RetryRequest[T](Func`1 func, CancellationToken cancellationToken, Int32 maxAttempts, Func`2 shouldRetry)
[2025-10-24 15:31:19Z ERR  BrokerServer] #####################################################
[2025-10-24 15:31:19Z ERR  BrokerServer] System.Threading.Tasks.TaskCanceledException: The operation was canceled.
 ---> System.IO.IOException: Unable to read data from the transport connection: The I/O operation has been aborted because of either a thread exit or an application request..
 ---> System.Net.Sockets.SocketException (995): The I/O operation has been aborted because of either a thread exit or an application request.
   --- End of inner exception stack trace ---
   at System.Net.Sockets.Socket.AwaitableSocketAsyncEventArgs.ThrowException(SocketError error, CancellationToken cancellationToken)
   at System.Net.Sockets.Socket.AwaitableSocketAsyncEventArgs.System.Threading.Tasks.Sources.IValueTaskSource<System.Int32>.GetResult(Int16 token)
   at System.Net.Security.SslStream.EnsureFullTlsFrameAsync[TIOAdapter](CancellationToken cancellationToken, Int32 estimatedSize)
   at System.Runtime.CompilerServices.PoolingAsyncValueTaskMethodBuilder`1.StateMachineBox`1.System.Threading.Tasks.Sources.IValueTaskSource<TResult>.GetResult(Int16 token)
   at System.Net.Security.SslStream.ReadAsyncInternal[TIOAdapter](Memory`1 buffer, CancellationToken cancellationToken)
   at System.Runtime.CompilerServices.PoolingAsyncValueTaskMethodBuilder`1.StateMachineBox`1.System.Threading.Tasks.Sources.IValueTaskSource<TResult>.GetResult(Int16 token)
   at System.Net.Http.HttpConnection.SendAsync(HttpRequestMessage request, Boolean async, CancellationToken cancellationToken)
   --- End of inner exception stack trace ---
   at System.Net.Http.HttpConnection.SendAsync(HttpRequestMessage request, Boolean async, CancellationToken cancellationToken)
   at System.Net.Http.AuthenticationHelper.SendWithNtAuthAsync(HttpRequestMessage request, Uri authUri, Boolean async, ICredentials credentials, Boolean isProxyAuth, HttpConnection connection, HttpConnectionPool connectionPool, CancellationToken cancellationToken)
   at System.Net.Http.HttpConnectionPool.SendWithVersionDetectionAndRetryAsync(HttpRequestMessage request, Boolean async, Boolean doRequestAuth, CancellationToken cancellationToken)
   at System.Net.Http.AuthenticationHelper.SendWithAuthAsync(HttpRequestMessage request, Uri authUri, Boolean async, ICredentials credentials, Boolean preAuthenticate, Boolean isProxyAuth, Boolean doRequestAuth, HttpConnectionPool pool, CancellationToken cancellationToken)
   at System.Net.Http.RedirectHandler.SendAsync(HttpRequestMessage request, Boolean async, CancellationToken cancellationToken)
   at GitHub.Services.Common.RawHttpMessageHandler.SendAsync(HttpRequestMessage request, CancellationToken cancellationToken)
   at GitHub.Services.Common.VssHttpRetryMessageHandler.SendAsync(HttpRequestMessage request, CancellationToken cancellationToken)
   at System.Net.Http.HttpClient.<SendAsync>g__Core|83_0(HttpRequestMessage request, HttpCompletionOption completionOption, CancellationTokenSource cts, Boolean disposeCts, CancellationTokenSource pendingRequestsCts, CancellationToken originalCancellationToken)
[2025-10-24 15:31:19Z ERR  BrokerServer] #####################################################
[2025-10-24 15:31:19Z ERR  BrokerServer] System.IO.IOException: Unable to read data from the transport connection: The I/O operation has been aborted because of either a thread exit or an application request..
 ---> System.Net.Sockets.SocketException (995): The I/O operation has been aborted because of either a thread exit or an application request.
   --- End of inner exception stack trace ---
   at System.Net.Sockets.Socket.AwaitableSocketAsyncEventArgs.ThrowException(SocketError error, CancellationToken cancellationToken)
   at System.Net.Sockets.Socket.AwaitableSocketAsyncEventArgs.System.Threading.Tasks.Sources.IValueTaskSource<System.Int32>.GetResult(Int16 token)
   at System.Net.Security.SslStream.EnsureFullTlsFrameAsync[TIOAdapter](CancellationToken cancellationToken, Int32 estimatedSize)
   at System.Runtime.CompilerServices.PoolingAsyncValueTaskMethodBuilder`1.StateMachineBox`1.System.Threading.Tasks.Sources.IValueTaskSource<TResult>.GetResult(Int16 token)
   at System.Net.Security.SslStream.ReadAsyncInternal[TIOAdapter](Memory`1 buffer, CancellationToken cancellationToken)
   at System.Runtime.CompilerServices.PoolingAsyncValueTaskMethodBuilder`1.StateMachineBox`1.System.Threading.Tasks.Sources.IValueTaskSource<TResult>.GetResult(Int16 token)
   at System.Net.Http.HttpConnection.SendAsync(HttpRequestMessage request, Boolean async, CancellationToken cancellationToken)
[2025-10-24 15:31:19Z ERR  BrokerServer] #####################################################
[2025-10-24 15:31:19Z ERR  BrokerServer] System.Net.Sockets.SocketException (995): The I/O operation has been aborted because of either a thread exit or an application request.
[2025-10-24 15:31:19Z WARN BrokerServer] Back off 14.904 seconds before next retry. 4 attempt left.
[2025-10-24 15:31:19Z INFO BrokerMessageListener] Get messages has been cancelled using local token source. Continue to get messages with new status.
[2025-10-24 15:35:16Z INFO ConfigurationStore] HasCredentials()
[2025-10-24 15:35:16Z INFO ConfigurationStore] stored True
[2025-10-24 15:35:16Z INFO CredentialManager] GetCredentialProvider
[2025-10-24 15:35:16Z INFO CredentialManager] Creating type OAuth
[2025-10-24 15:35:16Z INFO CredentialManager] Creating credential type: OAuth
[2025-10-24 15:35:16Z INFO RSAEncryptedFileKeyManager] Loading RSA key parameters from file D:\document\hoc\LTHDV\EProject-Phase-1\22694091_NguyenThiYenBinh_EProject\actions-runner\.credentials_rsaparams
[2025-10-24 15:35:16Z INFO RSAEncryptedFileKeyManager] Loading RSA key parameters from file D:\document\hoc\LTHDV\EProject-Phase-1\22694091_NguyenThiYenBinh_EProject\actions-runner\.credentials_rsaparams
[2025-10-24 15:35:16Z INFO RSAEncryptedFileKeyManager] Loading RSA key parameters from file D:\document\hoc\LTHDV\EProject-Phase-1\22694091_NguyenThiYenBinh_EProject\actions-runner\.credentials_rsaparams
[2025-10-24 15:35:17Z INFO GitHubActionsService] AAD Correlation ID for this token request: Unknown
[2025-10-24 15:35:19Z INFO JobDispatcher] Job request 0 for plan 90b4e1b7-f9aa-4458-834c-f89a41b6c6c6 job 5c90434c-451e-5791-a208-ba0146fcbf40 received.
[2025-10-24 15:35:19Z INFO JobDispatcher] Pull OrchestrationId 90b4e1b7-f9aa-4458-834c-f89a41b6c6c6.build-and-push.__default from JWT claims
[2025-10-24 15:35:19Z INFO BrokerMessageListener] Received job status event. JobState: Busy
[2025-10-24 15:35:19Z INFO BrokerMessageListener] _getMessagesTokenSource is already disposed.
[2025-10-24 15:35:19Z INFO JobDispatcher] Job request faba3c9f-e3fc-5d0e-93c9-dd442de44109 processed succeed.
[2025-10-24 15:35:19Z INFO Terminal] WRITE LINE: 2025-10-24 15:35:19Z: Running job: 🧱 Build & Push (api-gateway, product, order)
[2025-10-24 15:35:19Z INFO JobDispatcher] Start renew job request 0 for job 5c90434c-451e-5791-a208-ba0146fcbf40.
[2025-10-24 15:35:20Z INFO JobDispatcher] Successfully renew job 5c90434c-451e-5791-a208-ba0146fcbf40, job is valid till 10/24/2025 3:45:19 PM
[2025-10-24 15:35:20Z INFO HostContext] Well known directory 'Bin': 'D:\document\hoc\LTHDV\EProject-Phase-1\22694091_NguyenThiYenBinh_EProject\actions-runner\bin'
[2025-10-24 15:35:20Z INFO ProcessInvokerWrapper] Starting process:
[2025-10-24 15:35:20Z INFO ProcessInvokerWrapper]   File name: 'D:\document\hoc\LTHDV\EProject-Phase-1\22694091_NguyenThiYenBinh_EProject\actions-runner\bin\Runner.Worker.exe'
[2025-10-24 15:35:20Z INFO ProcessInvokerWrapper]   Arguments: 'spawnclient 1600 1560'
[2025-10-24 15:35:20Z INFO ProcessInvokerWrapper]   Working directory: 'D:\document\hoc\LTHDV\EProject-Phase-1\22694091_NguyenThiYenBinh_EProject\actions-runner\bin'
[2025-10-24 15:35:20Z INFO ProcessInvokerWrapper]   Require exit code zero: 'False'
[2025-10-24 15:35:20Z INFO ProcessInvokerWrapper]   Encoding web name:  ; code page: ''
[2025-10-24 15:35:20Z INFO ProcessInvokerWrapper]   Force kill process on cancellation: 'True'
[2025-10-24 15:35:20Z INFO ProcessInvokerWrapper]   Redirected STDIN: 'False'
[2025-10-24 15:35:20Z INFO ProcessInvokerWrapper]   Persist current code page: 'False'
[2025-10-24 15:35:20Z INFO ProcessInvokerWrapper]   Keep redirected STDIN open: 'False'
[2025-10-24 15:35:20Z INFO ProcessInvokerWrapper]   High priority process: 'True'
[2025-10-24 15:35:21Z INFO ProcessInvokerWrapper] Process started with process id 21948, waiting for process exit.
[2025-10-24 15:35:21Z INFO JobDispatcher] Send job request message to worker for job 5c90434c-451e-5791-a208-ba0146fcbf40.
[2025-10-24 15:35:21Z INFO ProcessChannel] Sending message of length 26235, with hash '8587394f2b1d7ab76c31be7cf2184dd04ee71ccaad4ca60b7fa3a1deb09de003'
[2025-10-24 15:35:22Z INFO JobNotification] Entering JobStarted Notification
[2025-10-24 15:35:22Z INFO JobNotification] Entering StartMonitor
[2025-10-24 15:36:21Z INFO JobDispatcher] Successfully renew job 5c90434c-451e-5791-a208-ba0146fcbf40, job is valid till 10/24/2025 3:46:21 PM
[2025-10-24 15:36:52Z INFO ProcessInvokerWrapper] STDOUT/STDERR stream read finished.
[2025-10-24 15:36:52Z INFO ProcessInvokerWrapper] STDOUT/STDERR stream read finished.
[2025-10-24 15:36:52Z INFO ProcessInvokerWrapper] Finished process 21948 with exit code 102, and elapsed time 00:01:32.4489341.
[2025-10-24 15:36:52Z INFO JobDispatcher] Worker finished for job 5c90434c-451e-5791-a208-ba0146fcbf40. Code: 102
[2025-10-24 15:36:52Z INFO JobDispatcher] finish job request for job 5c90434c-451e-5791-a208-ba0146fcbf40 with result: Failed
[2025-10-24 15:36:52Z INFO Terminal] WRITE LINE: 2025-10-24 15:36:52Z: Job 🧱 Build & Push (api-gateway, product, order) completed with result: Failed
[2025-10-24 15:36:52Z INFO JobDispatcher] Stop renew job request for job 5c90434c-451e-5791-a208-ba0146fcbf40.
[2025-10-24 15:36:52Z INFO JobDispatcher] job renew has been cancelled, stop renew job 5c90434c-451e-5791-a208-ba0146fcbf40.
[2025-10-24 15:36:52Z INFO JobNotification] Entering JobCompleted Notification
[2025-10-24 15:36:52Z INFO JobNotification] Entering EndMonitor
[2025-10-24 15:36:52Z INFO BrokerMessageListener] Received job status event. JobState: Online
[2025-10-24 15:36:52Z WARN GitHubActionsService] GET request to https://broker.actions.githubusercontent.com/message?sessionId=4b541fb9-cd72-4e61-9685-a894e67561eb&status=Busy&runnerVersion=2.329.0&os=Windows&architecture=X64&disableUpdate=false has been cancelled.
[2025-10-24 15:36:52Z ERR  BrokerServer] Catch exception during request
[2025-10-24 15:36:52Z ERR  BrokerServer] System.Threading.Tasks.TaskCanceledException: The operation was canceled.
 ---> System.Threading.Tasks.TaskCanceledException: The operation was canceled.
 ---> System.IO.IOException: Unable to read data from the transport connection: The I/O operation has been aborted because of either a thread exit or an application request..
 ---> System.Net.Sockets.SocketException (995): The I/O operation has been aborted because of either a thread exit or an application request.
   --- End of inner exception stack trace ---
   at System.Net.Sockets.Socket.AwaitableSocketAsyncEventArgs.ThrowException(SocketError error, CancellationToken cancellationToken)
   at System.Net.Sockets.Socket.AwaitableSocketAsyncEventArgs.System.Threading.Tasks.Sources.IValueTaskSource<System.Int32>.GetResult(Int16 token)
   at System.Net.Security.SslStream.EnsureFullTlsFrameAsync[TIOAdapter](CancellationToken cancellationToken, Int32 estimatedSize)
   at System.Runtime.CompilerServices.PoolingAsyncValueTaskMethodBuilder`1.StateMachineBox`1.System.Threading.Tasks.Sources.IValueTaskSource<TResult>.GetResult(Int16 token)
   at System.Net.Security.SslStream.ReadAsyncInternal[TIOAdapter](Memory`1 buffer, CancellationToken cancellationToken)
   at System.Runtime.CompilerServices.PoolingAsyncValueTaskMethodBuilder`1.StateMachineBox`1.System.Threading.Tasks.Sources.IValueTaskSource<TResult>.GetResult(Int16 token)
   at System.Net.Http.HttpConnection.SendAsync(HttpRequestMessage request, Boolean async, CancellationToken cancellationToken)
   --- End of inner exception stack trace ---
   at System.Net.Http.HttpConnection.SendAsync(HttpRequestMessage request, Boolean async, CancellationToken cancellationToken)
   at System.Net.Http.AuthenticationHelper.SendWithNtAuthAsync(HttpRequestMessage request, Uri authUri, Boolean async, ICredentials credentials, Boolean isProxyAuth, HttpConnection connection, HttpConnectionPool connectionPool, CancellationToken cancellationToken)
   at System.Net.Http.HttpConnectionPool.SendWithVersionDetectionAndRetryAsync(HttpRequestMessage request, Boolean async, Boolean doRequestAuth, CancellationToken cancellationToken)
   at System.Net.Http.AuthenticationHelper.SendWithAuthAsync(HttpRequestMessage request, Uri authUri, Boolean async, ICredentials credentials, Boolean preAuthenticate, Boolean isProxyAuth, Boolean doRequestAuth, HttpConnectionPool pool, CancellationToken cancellationToken)
   at System.Net.Http.RedirectHandler.SendAsync(HttpRequestMessage request, Boolean async, CancellationToken cancellationToken)
   at GitHub.Services.Common.RawHttpMessageHandler.SendAsync(HttpRequestMessage request, CancellationToken cancellationToken)
   at GitHub.Services.Common.VssHttpRetryMessageHandler.SendAsync(HttpRequestMessage request, CancellationToken cancellationToken)
   at System.Net.Http.HttpClient.<SendAsync>g__Core|83_0(HttpRequestMessage request, HttpCompletionOption completionOption, CancellationTokenSource cts, Boolean disposeCts, CancellationTokenSource pendingRequestsCts, CancellationToken originalCancellationToken)
   --- End of inner exception stack trace ---
   at System.Net.Http.HttpClient.HandleFailure(Exception e, Boolean telemetryStarted, HttpResponseMessage response, CancellationTokenSource cts, CancellationToken cancellationToken, CancellationTokenSource pendingRequestsCts)
   at System.Net.Http.HttpClient.<SendAsync>g__Core|83_0(HttpRequestMessage request, HttpCompletionOption completionOption, CancellationTokenSource cts, Boolean disposeCts, CancellationTokenSource pendingRequestsCts, CancellationToken originalCancellationToken)
   at Sdk.WebApi.WebApi.RawHttpClientBase.SendAsync(HttpRequestMessage message, HttpCompletionOption completionOption, Object userState, CancellationToken cancellationToken)
   at Sdk.WebApi.WebApi.RawHttpClientBase.SendAsync[T](HttpRequestMessage message, Boolean readErrorBody, Object userState, CancellationToken cancellationToken)
   at Sdk.WebApi.WebApi.RawHttpClientBase.SendAsync[T](HttpMethod method, IEnumerable`1 additionalHeaders, Uri requestUri, HttpContent content, IEnumerable`1 queryParameters, Boolean readErrorBody, Object userState, CancellationToken cancellationToken)
   at GitHub.Actions.RunService.WebApi.BrokerHttpClient.GetRunnerMessageAsync(Nullable`1 sessionId, String runnerVersion, Nullable`1 status, String os, String architecture, Nullable`1 disableUpdate, CancellationToken cancellationToken)
   at GitHub.Runner.Common.BrokerServer.<>c__DisplayClass7_0.<<GetRunnerMessageAsync>b__0>d.MoveNext()
--- End of stack trace from previous location ---
   at GitHub.Runner.Common.RunnerService.RetryRequest[T](Func`1 func, CancellationToken cancellationToken, Int32 maxAttempts, Func`2 shouldRetry)
[2025-10-24 15:36:52Z ERR  BrokerServer] #####################################################
[2025-10-24 15:36:52Z ERR  BrokerServer] System.Threading.Tasks.TaskCanceledException: The operation was canceled.
 ---> System.IO.IOException: Unable to read data from the transport connection: The I/O operation has been aborted because of either a thread exit or an application request..
 ---> System.Net.Sockets.SocketException (995): The I/O operation has been aborted because of either a thread exit or an application request.
   --- End of inner exception stack trace ---
   at System.Net.Sockets.Socket.AwaitableSocketAsyncEventArgs.ThrowException(SocketError error, CancellationToken cancellationToken)
   at System.Net.Sockets.Socket.AwaitableSocketAsyncEventArgs.System.Threading.Tasks.Sources.IValueTaskSource<System.Int32>.GetResult(Int16 token)
   at System.Net.Security.SslStream.EnsureFullTlsFrameAsync[TIOAdapter](CancellationToken cancellationToken, Int32 estimatedSize)
   at System.Runtime.CompilerServices.PoolingAsyncValueTaskMethodBuilder`1.StateMachineBox`1.System.Threading.Tasks.Sources.IValueTaskSource<TResult>.GetResult(Int16 token)
   at System.Net.Security.SslStream.ReadAsyncInternal[TIOAdapter](Memory`1 buffer, CancellationToken cancellationToken)
   at System.Runtime.CompilerServices.PoolingAsyncValueTaskMethodBuilder`1.StateMachineBox`1.System.Threading.Tasks.Sources.IValueTaskSource<TResult>.GetResult(Int16 token)
   at System.Net.Http.HttpConnection.SendAsync(HttpRequestMessage request, Boolean async, CancellationToken cancellationToken)
   --- End of inner exception stack trace ---
   at System.Net.Http.HttpConnection.SendAsync(HttpRequestMessage request, Boolean async, CancellationToken cancellationToken)
   at System.Net.Http.AuthenticationHelper.SendWithNtAuthAsync(HttpRequestMessage request, Uri authUri, Boolean async, ICredentials credentials, Boolean isProxyAuth, HttpConnection connection, HttpConnectionPool connectionPool, CancellationToken cancellationToken)
   at System.Net.Http.HttpConnectionPool.SendWithVersionDetectionAndRetryAsync(HttpRequestMessage request, Boolean async, Boolean doRequestAuth, CancellationToken cancellationToken)
   at System.Net.Http.AuthenticationHelper.SendWithAuthAsync(HttpRequestMessage request, Uri authUri, Boolean async, ICredentials credentials, Boolean preAuthenticate, Boolean isProxyAuth, Boolean doRequestAuth, HttpConnectionPool pool, CancellationToken cancellationToken)
   at System.Net.Http.RedirectHandler.SendAsync(HttpRequestMessage request, Boolean async, CancellationToken cancellationToken)
   at GitHub.Services.Common.RawHttpMessageHandler.SendAsync(HttpRequestMessage request, CancellationToken cancellationToken)
   at GitHub.Services.Common.VssHttpRetryMessageHandler.SendAsync(HttpRequestMessage request, CancellationToken cancellationToken)
   at System.Net.Http.HttpClient.<SendAsync>g__Core|83_0(HttpRequestMessage request, HttpCompletionOption completionOption, CancellationTokenSource cts, Boolean disposeCts, CancellationTokenSource pendingRequestsCts, CancellationToken originalCancellationToken)
[2025-10-24 15:36:52Z ERR  BrokerServer] #####################################################
[2025-10-24 15:36:52Z ERR  BrokerServer] System.IO.IOException: Unable to read data from the transport connection: The I/O operation has been aborted because of either a thread exit or an application request..
 ---> System.Net.Sockets.SocketException (995): The I/O operation has been aborted because of either a thread exit or an application request.
   --- End of inner exception stack trace ---
   at System.Net.Sockets.Socket.AwaitableSocketAsyncEventArgs.ThrowException(SocketError error, CancellationToken cancellationToken)
   at System.Net.Sockets.Socket.AwaitableSocketAsyncEventArgs.System.Threading.Tasks.Sources.IValueTaskSource<System.Int32>.GetResult(Int16 token)
   at System.Net.Security.SslStream.EnsureFullTlsFrameAsync[TIOAdapter](CancellationToken cancellationToken, Int32 estimatedSize)
   at System.Runtime.CompilerServices.PoolingAsyncValueTaskMethodBuilder`1.StateMachineBox`1.System.Threading.Tasks.Sources.IValueTaskSource<TResult>.GetResult(Int16 token)
   at System.Net.Security.SslStream.ReadAsyncInternal[TIOAdapter](Memory`1 buffer, CancellationToken cancellationToken)
   at System.Runtime.CompilerServices.PoolingAsyncValueTaskMethodBuilder`1.StateMachineBox`1.System.Threading.Tasks.Sources.IValueTaskSource<TResult>.GetResult(Int16 token)
   at System.Net.Http.HttpConnection.SendAsync(HttpRequestMessage request, Boolean async, CancellationToken cancellationToken)
[2025-10-24 15:36:52Z ERR  BrokerServer] #####################################################
[2025-10-24 15:36:52Z ERR  BrokerServer] System.Net.Sockets.SocketException (995): The I/O operation has been aborted because of either a thread exit or an application request.
[2025-10-24 15:36:52Z WARN BrokerServer] Back off 14.24 seconds before next retry. 4 attempt left.
[2025-10-24 15:36:52Z INFO BrokerMessageListener] Get messages has been cancelled using local token source. Continue to get messages with new status.
[2025-10-24 15:36:54Z INFO ConfigurationStore] HasCredentials()
[2025-10-24 15:36:54Z INFO ConfigurationStore] stored True
[2025-10-24 15:36:54Z INFO CredentialManager] GetCredentialProvider
[2025-10-24 15:36:54Z INFO CredentialManager] Creating type OAuth
[2025-10-24 15:36:54Z INFO CredentialManager] Creating credential type: OAuth
[2025-10-24 15:36:54Z INFO RSAEncryptedFileKeyManager] Loading RSA key parameters from file D:\document\hoc\LTHDV\EProject-Phase-1\22694091_NguyenThiYenBinh_EProject\actions-runner\.credentials_rsaparams
[2025-10-24 15:36:54Z INFO RSAEncryptedFileKeyManager] Loading RSA key parameters from file D:\document\hoc\LTHDV\EProject-Phase-1\22694091_NguyenThiYenBinh_EProject\actions-runner\.credentials_rsaparams
[2025-10-24 15:36:54Z INFO RSAEncryptedFileKeyManager] Loading RSA key parameters from file D:\document\hoc\LTHDV\EProject-Phase-1\22694091_NguyenThiYenBinh_EProject\actions-runner\.credentials_rsaparams
[2025-10-24 15:36:55Z INFO GitHubActionsService] AAD Correlation ID for this token request: Unknown
[2025-10-24 15:36:56Z INFO JobDispatcher] Job request 0 for plan b5ea0f8a-2f79-4da0-b8aa-916c227038c9 job 15bcb5dd-54ca-57b0-83e5-baa124aada4e received.
[2025-10-24 15:36:56Z INFO JobDispatcher] Pull OrchestrationId b5ea0f8a-2f79-4da0-b8aa-916c227038c9.build-and-push.__default from JWT claims
[2025-10-24 15:36:56Z INFO BrokerMessageListener] Received job status event. JobState: Busy
[2025-10-24 15:36:56Z INFO BrokerMessageListener] _getMessagesTokenSource is already disposed.
[2025-10-24 15:36:56Z INFO JobDispatcher] Job request 5c90434c-451e-5791-a208-ba0146fcbf40 processed succeed.
[2025-10-24 15:36:56Z INFO Terminal] WRITE LINE: 2025-10-24 15:36:56Z: Running job: 🧱 Build & Push (api-gateway, product, order)
[2025-10-24 15:36:56Z INFO JobDispatcher] Start renew job request 0 for job 15bcb5dd-54ca-57b0-83e5-baa124aada4e.
[2025-10-24 15:36:57Z INFO JobDispatcher] Successfully renew job 15bcb5dd-54ca-57b0-83e5-baa124aada4e, job is valid till 10/24/2025 3:46:57 PM
[2025-10-24 15:36:57Z INFO HostContext] Well known directory 'Bin': 'D:\document\hoc\LTHDV\EProject-Phase-1\22694091_NguyenThiYenBinh_EProject\actions-runner\bin'
[2025-10-24 15:36:57Z INFO ProcessInvokerWrapper] Starting process:
[2025-10-24 15:36:57Z INFO ProcessInvokerWrapper]   File name: 'D:\document\hoc\LTHDV\EProject-Phase-1\22694091_NguyenThiYenBinh_EProject\actions-runner\bin\Runner.Worker.exe'
[2025-10-24 15:36:57Z INFO ProcessInvokerWrapper]   Arguments: 'spawnclient 1984 2320'
[2025-10-24 15:36:57Z INFO ProcessInvokerWrapper]   Working directory: 'D:\document\hoc\LTHDV\EProject-Phase-1\22694091_NguyenThiYenBinh_EProject\actions-runner\bin'
[2025-10-24 15:36:57Z INFO ProcessInvokerWrapper]   Require exit code zero: 'False'
[2025-10-24 15:36:57Z INFO ProcessInvokerWrapper]   Encoding web name:  ; code page: ''
[2025-10-24 15:36:57Z INFO ProcessInvokerWrapper]   Force kill process on cancellation: 'True'
[2025-10-24 15:36:57Z INFO ProcessInvokerWrapper]   Redirected STDIN: 'False'
[2025-10-24 15:36:57Z INFO ProcessInvokerWrapper]   Persist current code page: 'False'
[2025-10-24 15:36:57Z INFO ProcessInvokerWrapper]   Keep redirected STDIN open: 'False'
[2025-10-24 15:36:57Z INFO ProcessInvokerWrapper]   High priority process: 'True'
[2025-10-24 15:36:57Z INFO ProcessInvokerWrapper] Process started with process id 23488, waiting for process exit.
[2025-10-24 15:36:57Z INFO JobDispatcher] Send job request message to worker for job 15bcb5dd-54ca-57b0-83e5-baa124aada4e.
[2025-10-24 15:36:57Z INFO ProcessChannel] Sending message of length 26003, with hash 'd29da908d79a78c666bcb99e75d11cd6e0e8d1f5a29f02d095d791467ee93c70'
[2025-10-24 15:36:57Z INFO JobNotification] Entering JobStarted Notification
[2025-10-24 15:36:57Z INFO JobNotification] Entering StartMonitor
[2025-10-24 15:37:57Z INFO JobDispatcher] Successfully renew job 15bcb5dd-54ca-57b0-83e5-baa124aada4e, job is valid till 10/24/2025 3:47:57 PM
[2025-10-24 15:38:30Z INFO Terminal] WRITE LINE: Exiting...
[2025-10-24 15:38:30Z INFO ConfigurationStore] IsServiceConfigured()
[2025-10-24 15:38:30Z INFO ConfigurationStore] IsServiceConfigured: True
[2025-10-24 15:38:30Z INFO Runner] Received Ctrl-C signal, stop Runner.Listener and Runner.Worker.
[2025-10-24 15:38:30Z INFO HostContext] Runner will be shutdown for UserCancelled
[2025-10-24 15:38:30Z WARN GitHubActionsService] GET request to https://broker.actions.githubusercontent.com/message?sessionId=4b541fb9-cd72-4e61-9685-a894e67561eb&status=Busy&runnerVersion=2.329.0&os=Windows&architecture=X64&disableUpdate=false has been cancelled.
[2025-10-24 15:38:30Z ERR  BrokerServer] Catch exception during request
[2025-10-24 15:38:30Z ERR  BrokerServer] System.Threading.Tasks.TaskCanceledException: The operation was canceled.
 ---> System.Threading.Tasks.TaskCanceledException: The operation was canceled.
 ---> System.IO.IOException: Unable to read data from the transport connection: The I/O operation has been aborted because of either a thread exit or an application request..
 ---> System.Net.Sockets.SocketException (995): The I/O operation has been aborted because of either a thread exit or an application request.
   --- End of inner exception stack trace ---
   at System.Net.Sockets.Socket.AwaitableSocketAsyncEventArgs.ThrowException(SocketError error, CancellationToken cancellationToken)
   at System.Net.Sockets.Socket.AwaitableSocketAsyncEventArgs.System.Threading.Tasks.Sources.IValueTaskSource<System.Int32>.GetResult(Int16 token)
   at System.Net.Security.SslStream.EnsureFullTlsFrameAsync[TIOAdapter](CancellationToken cancellationToken, Int32 estimatedSize)
   at System.Runtime.CompilerServices.PoolingAsyncValueTaskMethodBuilder`1.StateMachineBox`1.System.Threading.Tasks.Sources.IValueTaskSource<TResult>.GetResult(Int16 token)
   at System.Net.Security.SslStream.ReadAsyncInternal[TIOAdapter](Memory`1 buffer, CancellationToken cancellationToken)
   at System.Runtime.CompilerServices.PoolingAsyncValueTaskMethodBuilder`1.StateMachineBox`1.System.Threading.Tasks.Sources.IValueTaskSource<TResult>.GetResult(Int16 token)
   at System.Net.Http.HttpConnection.SendAsync(HttpRequestMessage request, Boolean async, CancellationToken cancellationToken)
   --- End of inner exception stack trace ---
   at System.Net.Http.HttpConnection.SendAsync(HttpRequestMessage request, Boolean async, CancellationToken cancellationToken)
   at System.Net.Http.AuthenticationHelper.SendWithNtAuthAsync(HttpRequestMessage request, Uri authUri, Boolean async, ICredentials credentials, Boolean isProxyAuth, HttpConnection connection, HttpConnectionPool connectionPool, CancellationToken cancellationToken)
   at System.Net.Http.HttpConnectionPool.SendWithVersionDetectionAndRetryAsync(HttpRequestMessage request, Boolean async, Boolean doRequestAuth, CancellationToken cancellationToken)
   at System.Net.Http.AuthenticationHelper.SendWithAuthAsync(HttpRequestMessage request, Uri authUri, Boolean async, ICredentials credentials, Boolean preAuthenticate, Boolean isProxyAuth, Boolean doRequestAuth, HttpConnectionPool pool, CancellationToken cancellationToken)
   at System.Net.Http.RedirectHandler.SendAsync(HttpRequestMessage request, Boolean async, CancellationToken cancellationToken)
   at GitHub.Services.Common.RawHttpMessageHandler.SendAsync(HttpRequestMessage request, CancellationToken cancellationToken)
   at GitHub.Services.Common.VssHttpRetryMessageHandler.SendAsync(HttpRequestMessage request, CancellationToken cancellationToken)
   at System.Net.Http.HttpClient.<SendAsync>g__Core|83_0(HttpRequestMessage request, HttpCompletionOption completionOption, CancellationTokenSource cts, Boolean disposeCts, CancellationTokenSource pendingRequestsCts, CancellationToken originalCancellationToken)
   --- End of inner exception stack trace ---
   at System.Net.Http.HttpClient.HandleFailure(Exception e, Boolean telemetryStarted, HttpResponseMessage response, CancellationTokenSource cts, CancellationToken cancellationToken, CancellationTokenSource pendingRequestsCts)
   at System.Net.Http.HttpClient.<SendAsync>g__Core|83_0(HttpRequestMessage request, HttpCompletionOption completionOption, CancellationTokenSource cts, Boolean disposeCts, CancellationTokenSource pendingRequestsCts, CancellationToken originalCancellationToken)
   at Sdk.WebApi.WebApi.RawHttpClientBase.SendAsync(HttpRequestMessage message, HttpCompletionOption completionOption, Object userState, CancellationToken cancellationToken)
   at Sdk.WebApi.WebApi.RawHttpClientBase.SendAsync[T](HttpRequestMessage message, Boolean readErrorBody, Object userState, CancellationToken cancellationToken)
   at Sdk.WebApi.WebApi.RawHttpClientBase.SendAsync[T](HttpMethod method, IEnumerable`1 additionalHeaders, Uri requestUri, HttpContent content, IEnumerable`1 queryParameters, Boolean readErrorBody, Object userState, CancellationToken cancellationToken)
   at GitHub.Actions.RunService.WebApi.BrokerHttpClient.GetRunnerMessageAsync(Nullable`1 sessionId, String runnerVersion, Nullable`1 status, String os, String architecture, Nullable`1 disableUpdate, CancellationToken cancellationToken)
   at GitHub.Runner.Common.BrokerServer.<>c__DisplayClass7_0.<<GetRunnerMessageAsync>b__0>d.MoveNext()
--- End of stack trace from previous location ---
   at GitHub.Runner.Common.RunnerService.RetryRequest[T](Func`1 func, CancellationToken cancellationToken, Int32 maxAttempts, Func`2 shouldRetry)
[2025-10-24 15:38:30Z ERR  BrokerServer] #####################################################
[2025-10-24 15:38:30Z ERR  BrokerServer] System.Threading.Tasks.TaskCanceledException: The operation was canceled.
 ---> System.IO.IOException: Unable to read data from the transport connection: The I/O operation has been aborted because of either a thread exit or an application request..
 ---> System.Net.Sockets.SocketException (995): The I/O operation has been aborted because of either a thread exit or an application request.
   --- End of inner exception stack trace ---
   at System.Net.Sockets.Socket.AwaitableSocketAsyncEventArgs.ThrowException(SocketError error, CancellationToken cancellationToken)
   at System.Net.Sockets.Socket.AwaitableSocketAsyncEventArgs.System.Threading.Tasks.Sources.IValueTaskSource<System.Int32>.GetResult(Int16 token)
   at System.Net.Security.SslStream.EnsureFullTlsFrameAsync[TIOAdapter](CancellationToken cancellationToken, Int32 estimatedSize)
   at System.Runtime.CompilerServices.PoolingAsyncValueTaskMethodBuilder`1.StateMachineBox`1.System.Threading.Tasks.Sources.IValueTaskSource<TResult>.GetResult(Int16 token)
   at System.Net.Security.SslStream.ReadAsyncInternal[TIOAdapter](Memory`1 buffer, CancellationToken cancellationToken)
   at System.Runtime.CompilerServices.PoolingAsyncValueTaskMethodBuilder`1.StateMachineBox`1.System.Threading.Tasks.Sources.IValueTaskSource<TResult>.GetResult(Int16 token)
   at System.Net.Http.HttpConnection.SendAsync(HttpRequestMessage request, Boolean async, CancellationToken cancellationToken)
   --- End of inner exception stack trace ---
   at System.Net.Http.HttpConnection.SendAsync(HttpRequestMessage request, Boolean async, CancellationToken cancellationToken)
   at System.Net.Http.AuthenticationHelper.SendWithNtAuthAsync(HttpRequestMessage request, Uri authUri, Boolean async, ICredentials credentials, Boolean isProxyAuth, HttpConnection connection, HttpConnectionPool connectionPool, CancellationToken cancellationToken)
   at System.Net.Http.HttpConnectionPool.SendWithVersionDetectionAndRetryAsync(HttpRequestMessage request, Boolean async, Boolean doRequestAuth, CancellationToken cancellationToken)
   at System.Net.Http.AuthenticationHelper.SendWithAuthAsync(HttpRequestMessage request, Uri authUri, Boolean async, ICredentials credentials, Boolean preAuthenticate, Boolean isProxyAuth, Boolean doRequestAuth, HttpConnectionPool pool, CancellationToken cancellationToken)
   at System.Net.Http.RedirectHandler.SendAsync(HttpRequestMessage request, Boolean async, CancellationToken cancellationToken)
   at GitHub.Services.Common.RawHttpMessageHandler.SendAsync(HttpRequestMessage request, CancellationToken cancellationToken)
   at GitHub.Services.Common.VssHttpRetryMessageHandler.SendAsync(HttpRequestMessage request, CancellationToken cancellationToken)
   at System.Net.Http.HttpClient.<SendAsync>g__Core|83_0(HttpRequestMessage request, HttpCompletionOption completionOption, CancellationTokenSource cts, Boolean disposeCts, CancellationTokenSource pendingRequestsCts, CancellationToken originalCancellationToken)
[2025-10-24 15:38:30Z ERR  BrokerServer] #####################################################
[2025-10-24 15:38:30Z ERR  BrokerServer] System.IO.IOException: Unable to read data from the transport connection: The I/O operation has been aborted because of either a thread exit or an application request..
 ---> System.Net.Sockets.SocketException (995): The I/O operation has been aborted because of either a thread exit or an application request.
   --- End of inner exception stack trace ---
   at System.Net.Sockets.Socket.AwaitableSocketAsyncEventArgs.ThrowException(SocketError error, CancellationToken cancellationToken)
   at System.Net.Sockets.Socket.AwaitableSocketAsyncEventArgs.System.Threading.Tasks.Sources.IValueTaskSource<System.Int32>.GetResult(Int16 token)
   at System.Net.Security.SslStream.EnsureFullTlsFrameAsync[TIOAdapter](CancellationToken cancellationToken, Int32 estimatedSize)
   at System.Runtime.CompilerServices.PoolingAsyncValueTaskMethodBuilder`1.StateMachineBox`1.System.Threading.Tasks.Sources.IValueTaskSource<TResult>.GetResult(Int16 token)
   at System.Net.Security.SslStream.ReadAsyncInternal[TIOAdapter](Memory`1 buffer, CancellationToken cancellationToken)
   at System.Runtime.CompilerServices.PoolingAsyncValueTaskMethodBuilder`1.StateMachineBox`1.System.Threading.Tasks.Sources.IValueTaskSource<TResult>.GetResult(Int16 token)
   at System.Net.Http.HttpConnection.SendAsync(HttpRequestMessage request, Boolean async, CancellationToken cancellationToken)
[2025-10-24 15:38:30Z ERR  BrokerServer] #####################################################
[2025-10-24 15:38:30Z ERR  BrokerServer] System.Net.Sockets.SocketException (995): The I/O operation has been aborted because of either a thread exit or an application request.
[2025-10-24 15:38:30Z WARN BrokerServer] Back off 10.966 seconds before next retry. 4 attempt left.
[2025-10-24 15:38:30Z INFO BrokerMessageListener] Get next message has been cancelled.
[2025-10-24 15:38:30Z INFO JobDispatcher] Shutting down JobDispatcher. Make sure all WorkerDispatcher has finished.
[2025-10-24 15:38:30Z INFO JobDispatcher] Ensure WorkerDispatcher for job 15bcb5dd-54ca-57b0-83e5-baa124aada4e run to finish, cancel any running job.
[2025-10-24 15:38:30Z INFO JobDispatcher] Send job cancellation message to worker for job 15bcb5dd-54ca-57b0-83e5-baa124aada4e.
[2025-10-24 15:38:30Z INFO ProcessChannel] Sending message of length 0, with hash 'e3b0c44298fc1c149afbf4c8996fb92427ae41e4649b934ca495991b7852b855'
[2025-10-24 15:38:34Z INFO ProcessInvokerWrapper] STDOUT/STDERR stream read finished.
[2025-10-24 15:38:34Z INFO ProcessInvokerWrapper] STDOUT/STDERR stream read finished.
[2025-10-24 15:38:34Z INFO ProcessInvokerWrapper] Finished process 23488 with exit code 102, and elapsed time 00:01:37.2129314.
[2025-10-24 15:38:34Z INFO JobDispatcher] finish job request for job 15bcb5dd-54ca-57b0-83e5-baa124aada4e with result: Canceled
[2025-10-24 15:38:34Z INFO Terminal] WRITE LINE: 2025-10-24 15:38:34Z: Job 🧱 Build & Push (api-gateway, product, order) completed with result: Canceled
[2025-10-24 15:38:34Z INFO JobDispatcher] Stop renew job request for job 15bcb5dd-54ca-57b0-83e5-baa124aada4e.
[2025-10-24 15:38:34Z INFO JobDispatcher] job renew has been cancelled, stop renew job 15bcb5dd-54ca-57b0-83e5-baa124aada4e.
[2025-10-24 15:38:34Z INFO JobNotification] Entering JobCompleted Notification
[2025-10-24 15:38:34Z INFO JobNotification] Entering EndMonitor
[2025-10-24 15:38:34Z INFO Runner] Deleting Runner Session...
[2025-10-24 15:38:35Z INFO Listener] Runner execution been cancelled.
