[2025-10-24 14:33:21Z INFO HostContext] No proxy settings were found based on environmental variables (http_proxy/https_proxy/HTTP_PROXY/HTTPS_PROXY)
[2025-10-24 14:33:21Z INFO HostContext] Well known directory 'Bin': 'D:\document\hoc\LTHDV\EProject-Phase-1\22694091_NguyenThiYenBinh_EProject\actions-runner\bin'
[2025-10-24 14:33:21Z INFO HostContext] Well known directory 'Root': 'D:\document\hoc\LTHDV\EProject-Phase-1\22694091_NguyenThiYenBinh_EProject\actions-runner'
[2025-10-24 14:33:21Z INFO HostContext] Well known config file 'Credentials': 'D:\document\hoc\LTHDV\EProject-Phase-1\22694091_NguyenThiYenBinh_EProject\actions-runner\.credentials'
[2025-10-24 14:33:21Z INFO HostContext] Well known directory 'Bin': 'D:\document\hoc\LTHDV\EProject-Phase-1\22694091_NguyenThiYenBinh_EProject\actions-runner\bin'
[2025-10-24 14:33:21Z INFO HostContext] Well known directory 'Root': 'D:\document\hoc\LTHDV\EProject-Phase-1\22694091_NguyenThiYenBinh_EProject\actions-runner'
[2025-10-24 14:33:21Z INFO HostContext] Well known config file 'Runner': 'D:\document\hoc\LTHDV\EProject-Phase-1\22694091_NguyenThiYenBinh_EProject\actions-runner\.runner'
[2025-10-24 14:33:21Z INFO Listener] Runner is built for Windows (X64) - win-x64.
[2025-10-24 14:33:21Z INFO Listener] RuntimeInformation: Microsoft Windows 10.0.26100.
[2025-10-24 14:33:21Z INFO Listener] Version: 2.329.0
[2025-10-24 14:33:21Z INFO Listener] Commit: c76c59996c8fa32e989164a5a695efb12608ae5a
[2025-10-24 14:33:21Z INFO Listener] Culture: en-US
[2025-10-24 14:33:21Z INFO Listener] UI Culture: en-US
[2025-10-24 14:33:21Z INFO HostContext] Well known directory 'Bin': 'D:\document\hoc\LTHDV\EProject-Phase-1\22694091_NguyenThiYenBinh_EProject\actions-runner\bin'
[2025-10-24 14:33:21Z INFO HostContext] Well known directory 'Root': 'D:\document\hoc\LTHDV\EProject-Phase-1\22694091_NguyenThiYenBinh_EProject\actions-runner'
[2025-10-24 14:33:21Z INFO Listener] Validating directory permissions for: 'D:\document\hoc\LTHDV\EProject-Phase-1\22694091_NguyenThiYenBinh_EProject\actions-runner'
[2025-10-24 14:33:21Z INFO CommandLineParser] Parse
[2025-10-24 14:33:21Z INFO CommandLineParser] Parsing 3 args
[2025-10-24 14:33:21Z INFO CommandLineParser] parsing argument
[2025-10-24 14:33:21Z INFO CommandLineParser] HasArgs: False
[2025-10-24 14:33:21Z INFO CommandLineParser] Adding Command: run
[2025-10-24 14:33:21Z INFO CommandLineParser] parsing argument
[2025-10-24 14:33:21Z INFO CommandLineParser] HasArgs: True
[2025-10-24 14:33:21Z INFO CommandLineParser] arg: startuptype
[2025-10-24 14:33:21Z INFO CommandLineParser] parsing argument
[2025-10-24 14:33:21Z INFO CommandLineParser] HasArgs: True
[2025-10-24 14:33:21Z INFO CommandLineParser] Adding option 'startuptype': 'service'
[2025-10-24 14:33:21Z INFO Listener] Arguments parsed
[2025-10-24 14:33:21Z INFO Runner] ExecuteCommand
[2025-10-24 14:33:21Z INFO ConfigurationStore] currentAssemblyLocation: D:\document\hoc\LTHDV\EProject-Phase-1\22694091_NguyenThiYenBinh_EProject\actions-runner\bin\Runner.Listener.dll
[2025-10-24 14:33:21Z INFO HostContext] Well known directory 'Bin': 'D:\document\hoc\LTHDV\EProject-Phase-1\22694091_NguyenThiYenBinh_EProject\actions-runner\bin'
[2025-10-24 14:33:21Z INFO ConfigurationStore] binPath: D:\document\hoc\LTHDV\EProject-Phase-1\22694091_NguyenThiYenBinh_EProject\actions-runner\bin
[2025-10-24 14:33:21Z INFO HostContext] Well known directory 'Bin': 'D:\document\hoc\LTHDV\EProject-Phase-1\22694091_NguyenThiYenBinh_EProject\actions-runner\bin'
[2025-10-24 14:33:21Z INFO HostContext] Well known directory 'Root': 'D:\document\hoc\LTHDV\EProject-Phase-1\22694091_NguyenThiYenBinh_EProject\actions-runner'
[2025-10-24 14:33:21Z INFO ConfigurationStore] RootFolder: D:\document\hoc\LTHDV\EProject-Phase-1\22694091_NguyenThiYenBinh_EProject\actions-runner
[2025-10-24 14:33:21Z INFO HostContext] Well known directory 'Bin': 'D:\document\hoc\LTHDV\EProject-Phase-1\22694091_NguyenThiYenBinh_EProject\actions-runner\bin'
[2025-10-24 14:33:21Z INFO HostContext] Well known directory 'Root': 'D:\document\hoc\LTHDV\EProject-Phase-1\22694091_NguyenThiYenBinh_EProject\actions-runner'
[2025-10-24 14:33:21Z INFO HostContext] Well known config file 'Runner': 'D:\document\hoc\LTHDV\EProject-Phase-1\22694091_NguyenThiYenBinh_EProject\actions-runner\.runner'
[2025-10-24 14:33:21Z INFO ConfigurationStore] ConfigFilePath: D:\document\hoc\LTHDV\EProject-Phase-1\22694091_NguyenThiYenBinh_EProject\actions-runner\.runner
[2025-10-24 14:33:21Z INFO HostContext] Well known directory 'Bin': 'D:\document\hoc\LTHDV\EProject-Phase-1\22694091_NguyenThiYenBinh_EProject\actions-runner\bin'
[2025-10-24 14:33:21Z INFO HostContext] Well known directory 'Root': 'D:\document\hoc\LTHDV\EProject-Phase-1\22694091_NguyenThiYenBinh_EProject\actions-runner'
[2025-10-24 14:33:21Z INFO HostContext] Well known config file 'MigratedRunner': 'D:\document\hoc\LTHDV\EProject-Phase-1\22694091_NguyenThiYenBinh_EProject\actions-runner\.runner_migrated'
[2025-10-24 14:33:21Z INFO ConfigurationStore] MigratedConfigFilePath: D:\document\hoc\LTHDV\EProject-Phase-1\22694091_NguyenThiYenBinh_EProject\actions-runner\.runner_migrated
[2025-10-24 14:33:21Z INFO HostContext] Well known directory 'Bin': 'D:\document\hoc\LTHDV\EProject-Phase-1\22694091_NguyenThiYenBinh_EProject\actions-runner\bin'
[2025-10-24 14:33:21Z INFO HostContext] Well known directory 'Root': 'D:\document\hoc\LTHDV\EProject-Phase-1\22694091_NguyenThiYenBinh_EProject\actions-runner'
[2025-10-24 14:33:21Z INFO HostContext] Well known config file 'Credentials': 'D:\document\hoc\LTHDV\EProject-Phase-1\22694091_NguyenThiYenBinh_EProject\actions-runner\.credentials'
[2025-10-24 14:33:21Z INFO ConfigurationStore] CredFilePath: D:\document\hoc\LTHDV\EProject-Phase-1\22694091_NguyenThiYenBinh_EProject\actions-runner\.credentials
[2025-10-24 14:33:21Z INFO HostContext] Well known directory 'Bin': 'D:\document\hoc\LTHDV\EProject-Phase-1\22694091_NguyenThiYenBinh_EProject\actions-runner\bin'
[2025-10-24 14:33:21Z INFO HostContext] Well known directory 'Root': 'D:\document\hoc\LTHDV\EProject-Phase-1\22694091_NguyenThiYenBinh_EProject\actions-runner'
[2025-10-24 14:33:21Z INFO HostContext] Well known config file 'MigratedCredentials': 'D:\document\hoc\LTHDV\EProject-Phase-1\22694091_NguyenThiYenBinh_EProject\actions-runner\.credentials_migrated'
[2025-10-24 14:33:21Z INFO ConfigurationStore] MigratedCredFilePath: D:\document\hoc\LTHDV\EProject-Phase-1\22694091_NguyenThiYenBinh_EProject\actions-runner\.credentials_migrated
[2025-10-24 14:33:21Z INFO HostContext] Well known directory 'Bin': 'D:\document\hoc\LTHDV\EProject-Phase-1\22694091_NguyenThiYenBinh_EProject\actions-runner\bin'
[2025-10-24 14:33:21Z INFO HostContext] Well known directory 'Root': 'D:\document\hoc\LTHDV\EProject-Phase-1\22694091_NguyenThiYenBinh_EProject\actions-runner'
[2025-10-24 14:33:21Z INFO HostContext] Well known config file 'Service': 'D:\document\hoc\LTHDV\EProject-Phase-1\22694091_NguyenThiYenBinh_EProject\actions-runner\.service'
[2025-10-24 14:33:21Z INFO ConfigurationStore] ServiceConfigFilePath: D:\document\hoc\LTHDV\EProject-Phase-1\22694091_NguyenThiYenBinh_EProject\actions-runner\.service
[2025-10-24 14:33:21Z INFO CommandSettings] Flag 'help': 'False'
[2025-10-24 14:33:21Z INFO CommandSettings] Flag 'version': 'False'
[2025-10-24 14:33:21Z INFO CommandSettings] Flag 'commit': 'False'
[2025-10-24 14:33:21Z INFO CommandSettings] Flag 'check': 'False'
[2025-10-24 14:33:21Z INFO CommandSettings] Command 'configure': 'False'
[2025-10-24 14:33:21Z INFO CommandSettings] Command 'remove': 'False'
[2025-10-24 14:33:21Z INFO CommandSettings] Command 'warmup': 'False'
[2025-10-24 14:33:21Z INFO ConfigurationManager] LoadSettings
[2025-10-24 14:33:21Z INFO ConfigurationStore] IsConfigured()
[2025-10-24 14:33:21Z INFO ConfigurationStore] IsConfigured: True
[2025-10-24 14:33:21Z INFO ConfigurationManager] Is configured: True
[2025-10-24 14:33:21Z INFO ConfigurationStore] Read setting file: 411 chars
[2025-10-24 14:33:21Z INFO ConfigurationManager] Settings Loaded
[2025-10-24 14:33:21Z INFO ConfigurationStore] IsServiceConfigured()
[2025-10-24 14:33:21Z INFO ConfigurationStore] IsServiceConfigured: True
[2025-10-24 14:33:21Z INFO CommandSettings] Command 'run': 'True'
[2025-10-24 14:33:21Z INFO ConfigurationStore] IsConfigured()
[2025-10-24 14:33:21Z INFO ConfigurationStore] IsConfigured: True
[2025-10-24 14:33:21Z INFO ConfigurationManager] Is configured: True
[2025-10-24 14:33:21Z INFO Runner] Set runner startup type - Service
[2025-10-24 14:33:21Z INFO CommandSettings] Flag 'once': 'False'
[2025-10-24 14:33:21Z INFO CommandSettings] Flag 'once': 'False'
[2025-10-24 14:33:21Z INFO Runner] RunAsync
[2025-10-24 14:33:21Z INFO ConfigurationManager] LoadMigratedSettings
[2025-10-24 14:33:21Z INFO ConfigurationStore] IsMigratedConfigured()
[2025-10-24 14:33:21Z INFO ConfigurationStore] IsMigratedConfigured: False
[2025-10-24 14:33:21Z INFO Runner] Failed to load migrated settings: No migrated configuration found.
[2025-10-24 14:33:21Z INFO Runner] Falling back to original .runner settings
[2025-10-24 14:33:21Z INFO Runner] Using BrokerMessageListener
[2025-10-24 14:33:21Z INFO BrokerMessageListener] Using provided settings
[2025-10-24 14:33:21Z INFO BrokerMessageListener] {
  "AgentId": 2,
  "AgentName": "YBINH",
  "PoolId": 1,
  "PoolName": "Default",
  "ServerUrl": "https://pipelinesghubeus10.actions.githubusercontent.com/WJS5UPUw92Mno211VHt0ORvI14TN0ZJeoUdbB6kpUpxlKu7XKK/",
  "GitHubUrl": "https://github.com/ybinh07/22694091_NguyenThiYenBinh_EProject",
  "WorkFolder": "_work",
  "UseV2Flow": true,
  "ServerUrlV2": "https://broker.actions.githubusercontent.com/"
}
[2025-10-24 14:33:21Z INFO BrokerMessageListener] Loading Credentials
[2025-10-24 14:33:21Z INFO ConfigurationStore] HasCredentials()
[2025-10-24 14:33:21Z INFO ConfigurationStore] stored True
[2025-10-24 14:33:21Z INFO CredentialManager] GetCredentialProvider
[2025-10-24 14:33:21Z INFO CredentialManager] Creating type OAuth
[2025-10-24 14:33:21Z INFO CredentialManager] Creating credential type: OAuth
[2025-10-24 14:33:21Z INFO HostContext] Well known directory 'Bin': 'D:\document\hoc\LTHDV\EProject-Phase-1\22694091_NguyenThiYenBinh_EProject\actions-runner\bin'
[2025-10-24 14:33:21Z INFO HostContext] Well known directory 'Root': 'D:\document\hoc\LTHDV\EProject-Phase-1\22694091_NguyenThiYenBinh_EProject\actions-runner'
[2025-10-24 14:33:21Z INFO HostContext] Well known config file 'RSACredentials': 'D:\document\hoc\LTHDV\EProject-Phase-1\22694091_NguyenThiYenBinh_EProject\actions-runner\.credentials_rsaparams'
[2025-10-24 14:33:21Z INFO RSAEncryptedFileKeyManager] Loading RSA key parameters from file D:\document\hoc\LTHDV\EProject-Phase-1\22694091_NguyenThiYenBinh_EProject\actions-runner\.credentials_rsaparams
[2025-10-24 14:33:21Z INFO BrokerMessageListener] Attempt to create session.
[2025-10-24 14:33:21Z INFO BrokerMessageListener] Connecting to the Broker Server...
[2025-10-24 14:33:21Z INFO ConfigurationStore] HasCredentials()
[2025-10-24 14:33:21Z INFO ConfigurationStore] stored True
[2025-10-24 14:33:21Z INFO CredentialManager] GetCredentialProvider
[2025-10-24 14:33:21Z INFO CredentialManager] Creating type OAuth
[2025-10-24 14:33:21Z INFO CredentialManager] Creating credential type: OAuth
[2025-10-24 14:33:21Z INFO RSAEncryptedFileKeyManager] Loading RSA key parameters from file D:\document\hoc\LTHDV\EProject-Phase-1\22694091_NguyenThiYenBinh_EProject\actions-runner\.credentials_rsaparams
[2025-10-24 14:33:21Z INFO BrokerMessageListener] VssConnection created
[2025-10-24 14:33:21Z INFO BrokerMessageListener] Connecting to the Runner server...
[2025-10-24 14:33:21Z INFO RunnerServer] EstablishVssConnection
[2025-10-24 14:33:21Z INFO RunnerServer] Establish connection with 100 seconds timeout.
[2025-10-24 14:33:21Z INFO GitHubActionsService] Starting operation Location.GetConnectionData
[2025-10-24 14:33:21Z INFO RunnerServer] EstablishVssConnection
[2025-10-24 14:33:21Z INFO RunnerServer] Establish connection with 60 seconds timeout.
[2025-10-24 14:33:21Z INFO GitHubActionsService] Starting operation Location.GetConnectionData
[2025-10-24 14:33:21Z INFO RunnerServer] EstablishVssConnection
[2025-10-24 14:33:21Z INFO RunnerServer] Establish connection with 60 seconds timeout.
[2025-10-24 14:33:21Z INFO GitHubActionsService] Starting operation Location.GetConnectionData
[2025-10-24 14:33:23Z INFO GitHubActionsService] Finished operation Location.GetConnectionData
[2025-10-24 14:33:23Z INFO GitHubActionsService] Finished operation Location.GetConnectionData
[2025-10-24 14:33:23Z INFO GitHubActionsService] Finished operation Location.GetConnectionData
[2025-10-24 14:33:23Z INFO BrokerMessageListener] VssConnection created
[2025-10-24 14:33:23Z INFO Terminal] WRITE LINE: 
[2025-10-24 14:33:23Z INFO Terminal] WRITE LINE: 
[2025-10-24 14:33:23Z INFO RSAEncryptedFileKeyManager] Loading RSA key parameters from file D:\document\hoc\LTHDV\EProject-Phase-1\22694091_NguyenThiYenBinh_EProject\actions-runner\.credentials_rsaparams
[2025-10-24 14:33:23Z INFO RSAEncryptedFileKeyManager] Loading RSA key parameters from file D:\document\hoc\LTHDV\EProject-Phase-1\22694091_NguyenThiYenBinh_EProject\actions-runner\.credentials_rsaparams
[2025-10-24 14:33:24Z INFO GitHubActionsService] AAD Correlation ID for this token request: Unknown
[2025-10-24 14:33:25Z INFO BrokerMessageListener] Session created.
[2025-10-24 14:33:25Z INFO Terminal] WRITE LINE: Current runner version: '2.329.0'
[2025-10-24 14:33:25Z INFO Terminal] WRITE LINE: 2025-10-24 14:33:25Z: Listening for Jobs
[2025-10-24 14:33:25Z INFO JobDispatcher] Set runner/worker IPC timeout to 30 seconds.
[2025-10-24 14:41:23Z INFO ConfigurationStore] HasCredentials()
[2025-10-24 14:41:23Z INFO ConfigurationStore] stored True
[2025-10-24 14:41:23Z INFO CredentialManager] GetCredentialProvider
[2025-10-24 14:41:23Z INFO CredentialManager] Creating type OAuth
[2025-10-24 14:41:23Z INFO CredentialManager] Creating credential type: OAuth
[2025-10-24 14:41:23Z INFO RSAEncryptedFileKeyManager] Loading RSA key parameters from file D:\document\hoc\LTHDV\EProject-Phase-1\22694091_NguyenThiYenBinh_EProject\actions-runner\.credentials_rsaparams
[2025-10-24 14:41:23Z INFO RSAEncryptedFileKeyManager] Loading RSA key parameters from file D:\document\hoc\LTHDV\EProject-Phase-1\22694091_NguyenThiYenBinh_EProject\actions-runner\.credentials_rsaparams
[2025-10-24 14:41:23Z INFO RSAEncryptedFileKeyManager] Loading RSA key parameters from file D:\document\hoc\LTHDV\EProject-Phase-1\22694091_NguyenThiYenBinh_EProject\actions-runner\.credentials_rsaparams
[2025-10-24 14:41:24Z INFO GitHubActionsService] AAD Correlation ID for this token request: Unknown
[2025-10-24 14:41:26Z INFO JobDispatcher] Job request 0 for plan 8c7a2d6b-1d94-42d9-9f40-e795ea5e9930 job 23a5aae9-f805-5f6f-9c48-ebea1dac6f1d received.
[2025-10-24 14:41:26Z INFO JobDispatcher] Pull OrchestrationId 8c7a2d6b-1d94-42d9-9f40-e795ea5e9930.build-and-push.__default from JWT claims
[2025-10-24 14:41:26Z INFO BrokerMessageListener] Received job status event. JobState: Busy
[2025-10-24 14:41:26Z INFO BrokerMessageListener] _getMessagesTokenSource is already disposed.
[2025-10-24 14:41:26Z INFO Terminal] WRITE LINE: 2025-10-24 14:41:26Z: Running job: 🧱 Build & Push (api-gateway, product, order)
[2025-10-24 14:41:26Z INFO JobDispatcher] Start renew job request 0 for job 23a5aae9-f805-5f6f-9c48-ebea1dac6f1d.
[2025-10-24 14:41:26Z INFO JobDispatcher] Successfully renew job 23a5aae9-f805-5f6f-9c48-ebea1dac6f1d, job is valid till 10/24/2025 2:51:26 PM
[2025-10-24 14:41:27Z INFO HostContext] Well known directory 'Bin': 'D:\document\hoc\LTHDV\EProject-Phase-1\22694091_NguyenThiYenBinh_EProject\actions-runner\bin'
[2025-10-24 14:41:27Z INFO ProcessInvokerWrapper] Starting process:
[2025-10-24 14:41:27Z INFO ProcessInvokerWrapper]   File name: 'D:\document\hoc\LTHDV\EProject-Phase-1\22694091_NguyenThiYenBinh_EProject\actions-runner\bin\Runner.Worker.exe'
[2025-10-24 14:41:27Z INFO ProcessInvokerWrapper]   Arguments: 'spawnclient 2272 2284'
[2025-10-24 14:41:27Z INFO ProcessInvokerWrapper]   Working directory: 'D:\document\hoc\LTHDV\EProject-Phase-1\22694091_NguyenThiYenBinh_EProject\actions-runner\bin'
[2025-10-24 14:41:27Z INFO ProcessInvokerWrapper]   Require exit code zero: 'False'
[2025-10-24 14:41:27Z INFO ProcessInvokerWrapper]   Encoding web name:  ; code page: ''
[2025-10-24 14:41:27Z INFO ProcessInvokerWrapper]   Force kill process on cancellation: 'True'
[2025-10-24 14:41:27Z INFO ProcessInvokerWrapper]   Redirected STDIN: 'False'
[2025-10-24 14:41:27Z INFO ProcessInvokerWrapper]   Persist current code page: 'False'
[2025-10-24 14:41:27Z INFO ProcessInvokerWrapper]   Keep redirected STDIN open: 'False'
[2025-10-24 14:41:27Z INFO ProcessInvokerWrapper]   High priority process: 'True'
[2025-10-24 14:41:28Z INFO ProcessInvokerWrapper] Process started with process id 8016, waiting for process exit.
[2025-10-24 14:41:28Z INFO JobDispatcher] Send job request message to worker for job 23a5aae9-f805-5f6f-9c48-ebea1dac6f1d.
[2025-10-24 14:41:28Z INFO ProcessChannel] Sending message of length 25999, with hash 'a067f78cbe1c9db60236e6f5fd35e533ac058b8836a067cdb61d51b410f3bd97'
[2025-10-24 14:41:29Z INFO JobNotification] Entering JobStarted Notification
[2025-10-24 14:41:29Z INFO JobNotification] Entering StartMonitor
[2025-10-24 14:42:28Z INFO JobDispatcher] Successfully renew job 23a5aae9-f805-5f6f-9c48-ebea1dac6f1d, job is valid till 10/24/2025 2:52:28 PM
[2025-10-24 14:42:34Z INFO ProcessInvokerWrapper] STDOUT/STDERR stream read finished.
[2025-10-24 14:42:34Z INFO ProcessInvokerWrapper] STDOUT/STDERR stream read finished.
[2025-10-24 14:42:34Z INFO ProcessInvokerWrapper] Finished process 8016 with exit code 102, and elapsed time 00:01:06.8375364.
[2025-10-24 14:42:34Z INFO JobDispatcher] Worker finished for job 23a5aae9-f805-5f6f-9c48-ebea1dac6f1d. Code: 102
[2025-10-24 14:42:34Z INFO JobDispatcher] finish job request for job 23a5aae9-f805-5f6f-9c48-ebea1dac6f1d with result: Failed
[2025-10-24 14:42:34Z INFO Terminal] WRITE LINE: 2025-10-24 14:42:34Z: Job 🧱 Build & Push (api-gateway, product, order) completed with result: Failed
[2025-10-24 14:42:34Z INFO JobDispatcher] Stop renew job request for job 23a5aae9-f805-5f6f-9c48-ebea1dac6f1d.
[2025-10-24 14:42:34Z INFO JobDispatcher] job renew has been cancelled, stop renew job 23a5aae9-f805-5f6f-9c48-ebea1dac6f1d.
[2025-10-24 14:42:34Z INFO JobNotification] Entering JobCompleted Notification
[2025-10-24 14:42:34Z INFO JobNotification] Entering EndMonitor
[2025-10-24 14:42:34Z INFO BrokerMessageListener] Received job status event. JobState: Online
[2025-10-24 14:42:34Z WARN GitHubActionsService] GET request to https://broker.actions.githubusercontent.com/message?sessionId=6d83cf86-a547-4a8f-8075-ca76b34c6fad&status=Busy&runnerVersion=2.329.0&os=Windows&architecture=X64&disableUpdate=false has been cancelled.
[2025-10-24 14:42:34Z ERR  BrokerServer] Catch exception during request
[2025-10-24 14:42:34Z ERR  BrokerServer] System.Threading.Tasks.TaskCanceledException: The operation was canceled.
 ---> System.Threading.Tasks.TaskCanceledException: The operation was canceled.
 ---> System.IO.IOException: Unable to read data from the transport connection: The I/O operation has been aborted because of either a thread exit or an application request..
 ---> System.Net.Sockets.SocketException (995): The I/O operation has been aborted because of either a thread exit or an application request.
   --- End of inner exception stack trace ---
   at System.Net.Sockets.Socket.AwaitableSocketAsyncEventArgs.ThrowException(SocketError error, CancellationToken cancellationToken)
   at System.Net.Sockets.Socket.AwaitableSocketAsyncEventArgs.System.Threading.Tasks.Sources.IValueTaskSource<System.Int32>.GetResult(Int16 token)
   at System.Net.Security.SslStream.EnsureFullTlsFrameAsync[TIOAdapter](CancellationToken cancellationToken, Int32 estimatedSize)
   at System.Runtime.CompilerServices.PoolingAsyncValueTaskMethodBuilder`1.StateMachineBox`1.System.Threading.Tasks.Sources.IValueTaskSource<TResult>.GetResult(Int16 token)
   at System.Net.Security.SslStream.ReadAsyncInternal[TIOAdapter](Memory`1 buffer, CancellationToken cancellationToken)
   at System.Runtime.CompilerServices.PoolingAsyncValueTaskMethodBuilder`1.StateMachineBox`1.System.Threading.Tasks.Sources.IValueTaskSource<TResult>.GetResult(Int16 token)
   at System.Net.Http.HttpConnection.SendAsync(HttpRequestMessage request, Boolean async, CancellationToken cancellationToken)
   --- End of inner exception stack trace ---
   at System.Net.Http.HttpConnection.SendAsync(HttpRequestMessage request, Boolean async, CancellationToken cancellationToken)
   at System.Net.Http.AuthenticationHelper.SendWithNtAuthAsync(HttpRequestMessage request, Uri authUri, Boolean async, ICredentials credentials, Boolean isProxyAuth, HttpConnection connection, HttpConnectionPool connectionPool, CancellationToken cancellationToken)
   at System.Net.Http.HttpConnectionPool.SendWithVersionDetectionAndRetryAsync(HttpRequestMessage request, Boolean async, Boolean doRequestAuth, CancellationToken cancellationToken)
   at System.Net.Http.AuthenticationHelper.SendWithAuthAsync(HttpRequestMessage request, Uri authUri, Boolean async, ICredentials credentials, Boolean preAuthenticate, Boolean isProxyAuth, Boolean doRequestAuth, HttpConnectionPool pool, CancellationToken cancellationToken)
   at System.Net.Http.RedirectHandler.SendAsync(HttpRequestMessage request, Boolean async, CancellationToken cancellationToken)
   at GitHub.Services.Common.RawHttpMessageHandler.SendAsync(HttpRequestMessage request, CancellationToken cancellationToken)
   at GitHub.Services.Common.VssHttpRetryMessageHandler.SendAsync(HttpRequestMessage request, CancellationToken cancellationToken)
   at System.Net.Http.HttpClient.<SendAsync>g__Core|83_0(HttpRequestMessage request, HttpCompletionOption completionOption, CancellationTokenSource cts, Boolean disposeCts, CancellationTokenSource pendingRequestsCts, CancellationToken originalCancellationToken)
   --- End of inner exception stack trace ---
   at System.Net.Http.HttpClient.HandleFailure(Exception e, Boolean telemetryStarted, HttpResponseMessage response, CancellationTokenSource cts, CancellationToken cancellationToken, CancellationTokenSource pendingRequestsCts)
   at System.Net.Http.HttpClient.<SendAsync>g__Core|83_0(HttpRequestMessage request, HttpCompletionOption completionOption, CancellationTokenSource cts, Boolean disposeCts, CancellationTokenSource pendingRequestsCts, CancellationToken originalCancellationToken)
   at Sdk.WebApi.WebApi.RawHttpClientBase.SendAsync(HttpRequestMessage message, HttpCompletionOption completionOption, Object userState, CancellationToken cancellationToken)
   at Sdk.WebApi.WebApi.RawHttpClientBase.SendAsync[T](HttpRequestMessage message, Boolean readErrorBody, Object userState, CancellationToken cancellationToken)
   at Sdk.WebApi.WebApi.RawHttpClientBase.SendAsync[T](HttpMethod method, IEnumerable`1 additionalHeaders, Uri requestUri, HttpContent content, IEnumerable`1 queryParameters, Boolean readErrorBody, Object userState, CancellationToken cancellationToken)
   at GitHub.Actions.RunService.WebApi.BrokerHttpClient.GetRunnerMessageAsync(Nullable`1 sessionId, String runnerVersion, Nullable`1 status, String os, String architecture, Nullable`1 disableUpdate, CancellationToken cancellationToken)
   at GitHub.Runner.Common.BrokerServer.<>c__DisplayClass7_0.<<GetRunnerMessageAsync>b__0>d.MoveNext()
--- End of stack trace from previous location ---
   at GitHub.Runner.Common.RunnerService.RetryRequest[T](Func`1 func, CancellationToken cancellationToken, Int32 maxAttempts, Func`2 shouldRetry)
[2025-10-24 14:42:34Z ERR  BrokerServer] #####################################################
[2025-10-24 14:42:34Z ERR  BrokerServer] System.Threading.Tasks.TaskCanceledException: The operation was canceled.
 ---> System.IO.IOException: Unable to read data from the transport connection: The I/O operation has been aborted because of either a thread exit or an application request..
 ---> System.Net.Sockets.SocketException (995): The I/O operation has been aborted because of either a thread exit or an application request.
   --- End of inner exception stack trace ---
   at System.Net.Sockets.Socket.AwaitableSocketAsyncEventArgs.ThrowException(SocketError error, CancellationToken cancellationToken)
   at System.Net.Sockets.Socket.AwaitableSocketAsyncEventArgs.System.Threading.Tasks.Sources.IValueTaskSource<System.Int32>.GetResult(Int16 token)
   at System.Net.Security.SslStream.EnsureFullTlsFrameAsync[TIOAdapter](CancellationToken cancellationToken, Int32 estimatedSize)
   at System.Runtime.CompilerServices.PoolingAsyncValueTaskMethodBuilder`1.StateMachineBox`1.System.Threading.Tasks.Sources.IValueTaskSource<TResult>.GetResult(Int16 token)
   at System.Net.Security.SslStream.ReadAsyncInternal[TIOAdapter](Memory`1 buffer, CancellationToken cancellationToken)
   at System.Runtime.CompilerServices.PoolingAsyncValueTaskMethodBuilder`1.StateMachineBox`1.System.Threading.Tasks.Sources.IValueTaskSource<TResult>.GetResult(Int16 token)
   at System.Net.Http.HttpConnection.SendAsync(HttpRequestMessage request, Boolean async, CancellationToken cancellationToken)
   --- End of inner exception stack trace ---
   at System.Net.Http.HttpConnection.SendAsync(HttpRequestMessage request, Boolean async, CancellationToken cancellationToken)
   at System.Net.Http.AuthenticationHelper.SendWithNtAuthAsync(HttpRequestMessage request, Uri authUri, Boolean async, ICredentials credentials, Boolean isProxyAuth, HttpConnection connection, HttpConnectionPool connectionPool, CancellationToken cancellationToken)
   at System.Net.Http.HttpConnectionPool.SendWithVersionDetectionAndRetryAsync(HttpRequestMessage request, Boolean async, Boolean doRequestAuth, CancellationToken cancellationToken)
   at System.Net.Http.AuthenticationHelper.SendWithAuthAsync(HttpRequestMessage request, Uri authUri, Boolean async, ICredentials credentials, Boolean preAuthenticate, Boolean isProxyAuth, Boolean doRequestAuth, HttpConnectionPool pool, CancellationToken cancellationToken)
   at System.Net.Http.RedirectHandler.SendAsync(HttpRequestMessage request, Boolean async, CancellationToken cancellationToken)
   at GitHub.Services.Common.RawHttpMessageHandler.SendAsync(HttpRequestMessage request, CancellationToken cancellationToken)
   at GitHub.Services.Common.VssHttpRetryMessageHandler.SendAsync(HttpRequestMessage request, CancellationToken cancellationToken)
   at System.Net.Http.HttpClient.<SendAsync>g__Core|83_0(HttpRequestMessage request, HttpCompletionOption completionOption, CancellationTokenSource cts, Boolean disposeCts, CancellationTokenSource pendingRequestsCts, CancellationToken originalCancellationToken)
[2025-10-24 14:42:34Z ERR  BrokerServer] #####################################################
[2025-10-24 14:42:34Z ERR  BrokerServer] System.IO.IOException: Unable to read data from the transport connection: The I/O operation has been aborted because of either a thread exit or an application request..
 ---> System.Net.Sockets.SocketException (995): The I/O operation has been aborted because of either a thread exit or an application request.
   --- End of inner exception stack trace ---
   at System.Net.Sockets.Socket.AwaitableSocketAsyncEventArgs.ThrowException(SocketError error, CancellationToken cancellationToken)
   at System.Net.Sockets.Socket.AwaitableSocketAsyncEventArgs.System.Threading.Tasks.Sources.IValueTaskSource<System.Int32>.GetResult(Int16 token)
   at System.Net.Security.SslStream.EnsureFullTlsFrameAsync[TIOAdapter](CancellationToken cancellationToken, Int32 estimatedSize)
   at System.Runtime.CompilerServices.PoolingAsyncValueTaskMethodBuilder`1.StateMachineBox`1.System.Threading.Tasks.Sources.IValueTaskSource<TResult>.GetResult(Int16 token)
   at System.Net.Security.SslStream.ReadAsyncInternal[TIOAdapter](Memory`1 buffer, CancellationToken cancellationToken)
   at System.Runtime.CompilerServices.PoolingAsyncValueTaskMethodBuilder`1.StateMachineBox`1.System.Threading.Tasks.Sources.IValueTaskSource<TResult>.GetResult(Int16 token)
   at System.Net.Http.HttpConnection.SendAsync(HttpRequestMessage request, Boolean async, CancellationToken cancellationToken)
[2025-10-24 14:42:34Z ERR  BrokerServer] #####################################################
[2025-10-24 14:42:34Z ERR  BrokerServer] System.Net.Sockets.SocketException (995): The I/O operation has been aborted because of either a thread exit or an application request.
[2025-10-24 14:42:34Z WARN BrokerServer] Back off 7.073 seconds before next retry. 4 attempt left.
[2025-10-24 14:42:34Z INFO BrokerMessageListener] Get messages has been cancelled using local token source. Continue to get messages with new status.
[2025-10-24 14:44:03Z INFO Terminal] WRITE LINE: Exiting...
[2025-10-24 14:44:03Z INFO ConfigurationStore] IsServiceConfigured()
[2025-10-24 14:44:03Z INFO ConfigurationStore] IsServiceConfigured: True
[2025-10-24 14:44:03Z INFO Runner] Received Ctrl-C signal, stop Runner.Listener and Runner.Worker.
[2025-10-24 14:44:03Z INFO HostContext] Runner will be shutdown for UserCancelled
[2025-10-24 14:44:03Z WARN GitHubActionsService] GET request to https://broker.actions.githubusercontent.com/message?sessionId=6d83cf86-a547-4a8f-8075-ca76b34c6fad&status=Online&runnerVersion=2.329.0&os=Windows&architecture=X64&disableUpdate=false has been cancelled.
[2025-10-24 14:44:03Z ERR  BrokerServer] Catch exception during request
[2025-10-24 14:44:03Z ERR  BrokerServer] System.Threading.Tasks.TaskCanceledException: The operation was canceled.
 ---> System.Threading.Tasks.TaskCanceledException: The operation was canceled.
 ---> System.IO.IOException: Unable to read data from the transport connection: The I/O operation has been aborted because of either a thread exit or an application request..
 ---> System.Net.Sockets.SocketException (995): The I/O operation has been aborted because of either a thread exit or an application request.
   --- End of inner exception stack trace ---
   at System.Net.Sockets.Socket.AwaitableSocketAsyncEventArgs.ThrowException(SocketError error, CancellationToken cancellationToken)
   at System.Net.Sockets.Socket.AwaitableSocketAsyncEventArgs.System.Threading.Tasks.Sources.IValueTaskSource<System.Int32>.GetResult(Int16 token)
   at System.Net.Security.SslStream.EnsureFullTlsFrameAsync[TIOAdapter](CancellationToken cancellationToken, Int32 estimatedSize)
   at System.Runtime.CompilerServices.PoolingAsyncValueTaskMethodBuilder`1.StateMachineBox`1.System.Threading.Tasks.Sources.IValueTaskSource<TResult>.GetResult(Int16 token)
   at System.Net.Security.SslStream.ReadAsyncInternal[TIOAdapter](Memory`1 buffer, CancellationToken cancellationToken)
   at System.Runtime.CompilerServices.PoolingAsyncValueTaskMethodBuilder`1.StateMachineBox`1.System.Threading.Tasks.Sources.IValueTaskSource<TResult>.GetResult(Int16 token)
   at System.Net.Http.HttpConnection.SendAsync(HttpRequestMessage request, Boolean async, CancellationToken cancellationToken)
   --- End of inner exception stack trace ---
   at System.Net.Http.HttpConnection.SendAsync(HttpRequestMessage request, Boolean async, CancellationToken cancellationToken)
   at System.Net.Http.AuthenticationHelper.SendWithNtAuthAsync(HttpRequestMessage request, Uri authUri, Boolean async, ICredentials credentials, Boolean isProxyAuth, HttpConnection connection, HttpConnectionPool connectionPool, CancellationToken cancellationToken)
   at System.Net.Http.HttpConnectionPool.SendWithVersionDetectionAndRetryAsync(HttpRequestMessage request, Boolean async, Boolean doRequestAuth, CancellationToken cancellationToken)
   at System.Net.Http.AuthenticationHelper.SendWithAuthAsync(HttpRequestMessage request, Uri authUri, Boolean async, ICredentials credentials, Boolean preAuthenticate, Boolean isProxyAuth, Boolean doRequestAuth, HttpConnectionPool pool, CancellationToken cancellationToken)
   at System.Net.Http.RedirectHandler.SendAsync(HttpRequestMessage request, Boolean async, CancellationToken cancellationToken)
   at GitHub.Services.Common.RawHttpMessageHandler.SendAsync(HttpRequestMessage request, CancellationToken cancellationToken)
   at GitHub.Services.Common.VssHttpRetryMessageHandler.SendAsync(HttpRequestMessage request, CancellationToken cancellationToken)
   at System.Net.Http.HttpClient.<SendAsync>g__Core|83_0(HttpRequestMessage request, HttpCompletionOption completionOption, CancellationTokenSource cts, Boolean disposeCts, CancellationTokenSource pendingRequestsCts, CancellationToken originalCancellationToken)
   --- End of inner exception stack trace ---
   at System.Net.Http.HttpClient.HandleFailure(Exception e, Boolean telemetryStarted, HttpResponseMessage response, CancellationTokenSource cts, CancellationToken cancellationToken, CancellationTokenSource pendingRequestsCts)
   at System.Net.Http.HttpClient.<SendAsync>g__Core|83_0(HttpRequestMessage request, HttpCompletionOption completionOption, CancellationTokenSource cts, Boolean disposeCts, CancellationTokenSource pendingRequestsCts, CancellationToken originalCancellationToken)
   at Sdk.WebApi.WebApi.RawHttpClientBase.SendAsync(HttpRequestMessage message, HttpCompletionOption completionOption, Object userState, CancellationToken cancellationToken)
   at Sdk.WebApi.WebApi.RawHttpClientBase.SendAsync[T](HttpRequestMessage message, Boolean readErrorBody, Object userState, CancellationToken cancellationToken)
   at Sdk.WebApi.WebApi.RawHttpClientBase.SendAsync[T](HttpMethod method, IEnumerable`1 additionalHeaders, Uri requestUri, HttpContent content, IEnumerable`1 queryParameters, Boolean readErrorBody, Object userState, CancellationToken cancellationToken)
   at GitHub.Actions.RunService.WebApi.BrokerHttpClient.GetRunnerMessageAsync(Nullable`1 sessionId, String runnerVersion, Nullable`1 status, String os, String architecture, Nullable`1 disableUpdate, CancellationToken cancellationToken)
   at GitHub.Runner.Common.BrokerServer.<>c__DisplayClass7_0.<<GetRunnerMessageAsync>b__0>d.MoveNext()
--- End of stack trace from previous location ---
   at GitHub.Runner.Common.RunnerService.RetryRequest[T](Func`1 func, CancellationToken cancellationToken, Int32 maxAttempts, Func`2 shouldRetry)
[2025-10-24 14:44:03Z ERR  BrokerServer] #####################################################
[2025-10-24 14:44:03Z ERR  BrokerServer] System.Threading.Tasks.TaskCanceledException: The operation was canceled.
 ---> System.IO.IOException: Unable to read data from the transport connection: The I/O operation has been aborted because of either a thread exit or an application request..
 ---> System.Net.Sockets.SocketException (995): The I/O operation has been aborted because of either a thread exit or an application request.
   --- End of inner exception stack trace ---
   at System.Net.Sockets.Socket.AwaitableSocketAsyncEventArgs.ThrowException(SocketError error, CancellationToken cancellationToken)
   at System.Net.Sockets.Socket.AwaitableSocketAsyncEventArgs.System.Threading.Tasks.Sources.IValueTaskSource<System.Int32>.GetResult(Int16 token)
   at System.Net.Security.SslStream.EnsureFullTlsFrameAsync[TIOAdapter](CancellationToken cancellationToken, Int32 estimatedSize)
   at System.Runtime.CompilerServices.PoolingAsyncValueTaskMethodBuilder`1.StateMachineBox`1.System.Threading.Tasks.Sources.IValueTaskSource<TResult>.GetResult(Int16 token)
   at System.Net.Security.SslStream.ReadAsyncInternal[TIOAdapter](Memory`1 buffer, CancellationToken cancellationToken)
   at System.Runtime.CompilerServices.PoolingAsyncValueTaskMethodBuilder`1.StateMachineBox`1.System.Threading.Tasks.Sources.IValueTaskSource<TResult>.GetResult(Int16 token)
   at System.Net.Http.HttpConnection.SendAsync(HttpRequestMessage request, Boolean async, CancellationToken cancellationToken)
   --- End of inner exception stack trace ---
   at System.Net.Http.HttpConnection.SendAsync(HttpRequestMessage request, Boolean async, CancellationToken cancellationToken)
   at System.Net.Http.AuthenticationHelper.SendWithNtAuthAsync(HttpRequestMessage request, Uri authUri, Boolean async, ICredentials credentials, Boolean isProxyAuth, HttpConnection connection, HttpConnectionPool connectionPool, CancellationToken cancellationToken)
   at System.Net.Http.HttpConnectionPool.SendWithVersionDetectionAndRetryAsync(HttpRequestMessage request, Boolean async, Boolean doRequestAuth, CancellationToken cancellationToken)
   at System.Net.Http.AuthenticationHelper.SendWithAuthAsync(HttpRequestMessage request, Uri authUri, Boolean async, ICredentials credentials, Boolean preAuthenticate, Boolean isProxyAuth, Boolean doRequestAuth, HttpConnectionPool pool, CancellationToken cancellationToken)
   at System.Net.Http.RedirectHandler.SendAsync(HttpRequestMessage request, Boolean async, CancellationToken cancellationToken)
   at GitHub.Services.Common.RawHttpMessageHandler.SendAsync(HttpRequestMessage request, CancellationToken cancellationToken)
   at GitHub.Services.Common.VssHttpRetryMessageHandler.SendAsync(HttpRequestMessage request, CancellationToken cancellationToken)
   at System.Net.Http.HttpClient.<SendAsync>g__Core|83_0(HttpRequestMessage request, HttpCompletionOption completionOption, CancellationTokenSource cts, Boolean disposeCts, CancellationTokenSource pendingRequestsCts, CancellationToken originalCancellationToken)
[2025-10-24 14:44:03Z ERR  BrokerServer] #####################################################
[2025-10-24 14:44:03Z ERR  BrokerServer] System.IO.IOException: Unable to read data from the transport connection: The I/O operation has been aborted because of either a thread exit or an application request..
 ---> System.Net.Sockets.SocketException (995): The I/O operation has been aborted because of either a thread exit or an application request.
   --- End of inner exception stack trace ---
   at System.Net.Sockets.Socket.AwaitableSocketAsyncEventArgs.ThrowException(SocketError error, CancellationToken cancellationToken)
   at System.Net.Sockets.Socket.AwaitableSocketAsyncEventArgs.System.Threading.Tasks.Sources.IValueTaskSource<System.Int32>.GetResult(Int16 token)
   at System.Net.Security.SslStream.EnsureFullTlsFrameAsync[TIOAdapter](CancellationToken cancellationToken, Int32 estimatedSize)
   at System.Runtime.CompilerServices.PoolingAsyncValueTaskMethodBuilder`1.StateMachineBox`1.System.Threading.Tasks.Sources.IValueTaskSource<TResult>.GetResult(Int16 token)
   at System.Net.Security.SslStream.ReadAsyncInternal[TIOAdapter](Memory`1 buffer, CancellationToken cancellationToken)
   at System.Runtime.CompilerServices.PoolingAsyncValueTaskMethodBuilder`1.StateMachineBox`1.System.Threading.Tasks.Sources.IValueTaskSource<TResult>.GetResult(Int16 token)
   at System.Net.Http.HttpConnection.SendAsync(HttpRequestMessage request, Boolean async, CancellationToken cancellationToken)
[2025-10-24 14:44:03Z ERR  BrokerServer] #####################################################
[2025-10-24 14:44:03Z ERR  BrokerServer] System.Net.Sockets.SocketException (995): The I/O operation has been aborted because of either a thread exit or an application request.
[2025-10-24 14:44:03Z WARN BrokerServer] Back off 5.051 seconds before next retry. 4 attempt left.
[2025-10-24 14:44:03Z INFO BrokerMessageListener] Get next message has been cancelled.
[2025-10-24 14:44:03Z INFO JobDispatcher] Shutting down JobDispatcher. Make sure all WorkerDispatcher has finished.
[2025-10-24 14:44:03Z INFO JobDispatcher] Ensure WorkerDispatcher for job 23a5aae9-f805-5f6f-9c48-ebea1dac6f1d run to finish, cancel any running job.
[2025-10-24 14:44:03Z INFO JobDispatcher] Job request 23a5aae9-f805-5f6f-9c48-ebea1dac6f1d processed succeed.
[2025-10-24 14:44:03Z INFO Runner] Deleting Runner Session...
[2025-10-24 14:44:04Z INFO Listener] Runner execution been cancelled.
