[2025-10-24 15:38:59Z INFO HostContext] No proxy settings were found based on environmental variables (http_proxy/https_proxy/HTTP_PROXY/HTTPS_PROXY)
[2025-10-24 15:38:59Z INFO HostContext] Well known directory 'Bin': 'D:\document\hoc\LTHDV\EProject-Phase-1\22694091_NguyenThiYenBinh_EProject\actions-runner\bin'
[2025-10-24 15:38:59Z INFO HostContext] Well known directory 'Root': 'D:\document\hoc\LTHDV\EProject-Phase-1\22694091_NguyenThiYenBinh_EProject\actions-runner'
[2025-10-24 15:38:59Z INFO HostContext] Well known config file 'Credentials': 'D:\document\hoc\LTHDV\EProject-Phase-1\22694091_NguyenThiYenBinh_EProject\actions-runner\.credentials'
[2025-10-24 15:38:59Z INFO HostContext] Well known directory 'Bin': 'D:\document\hoc\LTHDV\EProject-Phase-1\22694091_NguyenThiYenBinh_EProject\actions-runner\bin'
[2025-10-24 15:38:59Z INFO HostContext] Well known directory 'Root': 'D:\document\hoc\LTHDV\EProject-Phase-1\22694091_NguyenThiYenBinh_EProject\actions-runner'
[2025-10-24 15:38:59Z INFO HostContext] Well known config file 'Runner': 'D:\document\hoc\LTHDV\EProject-Phase-1\22694091_NguyenThiYenBinh_EProject\actions-runner\.runner'
[2025-10-24 15:38:59Z INFO Listener] Runner is built for Windows (X64) - win-x64.
[2025-10-24 15:38:59Z INFO Listener] RuntimeInformation: Microsoft Windows 10.0.26100.
[2025-10-24 15:38:59Z INFO Listener] Version: 2.329.0
[2025-10-24 15:38:59Z INFO Listener] Commit: c76c59996c8fa32e989164a5a695efb12608ae5a
[2025-10-24 15:38:59Z INFO Listener] Culture: en-US
[2025-10-24 15:38:59Z INFO Listener] UI Culture: en-US
[2025-10-24 15:38:59Z INFO HostContext] Well known directory 'Bin': 'D:\document\hoc\LTHDV\EProject-Phase-1\22694091_NguyenThiYenBinh_EProject\actions-runner\bin'
[2025-10-24 15:38:59Z INFO HostContext] Well known directory 'Root': 'D:\document\hoc\LTHDV\EProject-Phase-1\22694091_NguyenThiYenBinh_EProject\actions-runner'
[2025-10-24 15:38:59Z INFO Listener] Validating directory permissions for: 'D:\document\hoc\LTHDV\EProject-Phase-1\22694091_NguyenThiYenBinh_EProject\actions-runner'
[2025-10-24 15:38:59Z INFO CommandLineParser] Parse
[2025-10-24 15:38:59Z INFO CommandLineParser] Parsing 1 args
[2025-10-24 15:38:59Z INFO CommandLineParser] parsing argument
[2025-10-24 15:38:59Z INFO CommandLineParser] HasArgs: False
[2025-10-24 15:38:59Z INFO CommandLineParser] Adding Command: run
[2025-10-24 15:38:59Z INFO Listener] Arguments parsed
[2025-10-24 15:38:59Z INFO Runner] ExecuteCommand
[2025-10-24 15:38:59Z INFO ConfigurationStore] currentAssemblyLocation: D:\document\hoc\LTHDV\EProject-Phase-1\22694091_NguyenThiYenBinh_EProject\actions-runner\bin\Runner.Listener.dll
[2025-10-24 15:38:59Z INFO HostContext] Well known directory 'Bin': 'D:\document\hoc\LTHDV\EProject-Phase-1\22694091_NguyenThiYenBinh_EProject\actions-runner\bin'
[2025-10-24 15:38:59Z INFO ConfigurationStore] binPath: D:\document\hoc\LTHDV\EProject-Phase-1\22694091_NguyenThiYenBinh_EProject\actions-runner\bin
[2025-10-24 15:38:59Z INFO HostContext] Well known directory 'Bin': 'D:\document\hoc\LTHDV\EProject-Phase-1\22694091_NguyenThiYenBinh_EProject\actions-runner\bin'
[2025-10-24 15:38:59Z INFO HostContext] Well known directory 'Root': 'D:\document\hoc\LTHDV\EProject-Phase-1\22694091_NguyenThiYenBinh_EProject\actions-runner'
[2025-10-24 15:38:59Z INFO ConfigurationStore] RootFolder: D:\document\hoc\LTHDV\EProject-Phase-1\22694091_NguyenThiYenBinh_EProject\actions-runner
[2025-10-24 15:38:59Z INFO HostContext] Well known directory 'Bin': 'D:\document\hoc\LTHDV\EProject-Phase-1\22694091_NguyenThiYenBinh_EProject\actions-runner\bin'
[2025-10-24 15:38:59Z INFO HostContext] Well known directory 'Root': 'D:\document\hoc\LTHDV\EProject-Phase-1\22694091_NguyenThiYenBinh_EProject\actions-runner'
[2025-10-24 15:38:59Z INFO HostContext] Well known config file 'Runner': 'D:\document\hoc\LTHDV\EProject-Phase-1\22694091_NguyenThiYenBinh_EProject\actions-runner\.runner'
[2025-10-24 15:38:59Z INFO ConfigurationStore] ConfigFilePath: D:\document\hoc\LTHDV\EProject-Phase-1\22694091_NguyenThiYenBinh_EProject\actions-runner\.runner
[2025-10-24 15:38:59Z INFO HostContext] Well known directory 'Bin': 'D:\document\hoc\LTHDV\EProject-Phase-1\22694091_NguyenThiYenBinh_EProject\actions-runner\bin'
[2025-10-24 15:38:59Z INFO HostContext] Well known directory 'Root': 'D:\document\hoc\LTHDV\EProject-Phase-1\22694091_NguyenThiYenBinh_EProject\actions-runner'
[2025-10-24 15:38:59Z INFO HostContext] Well known config file 'MigratedRunner': 'D:\document\hoc\LTHDV\EProject-Phase-1\22694091_NguyenThiYenBinh_EProject\actions-runner\.runner_migrated'
[2025-10-24 15:38:59Z INFO ConfigurationStore] MigratedConfigFilePath: D:\document\hoc\LTHDV\EProject-Phase-1\22694091_NguyenThiYenBinh_EProject\actions-runner\.runner_migrated
[2025-10-24 15:38:59Z INFO HostContext] Well known directory 'Bin': 'D:\document\hoc\LTHDV\EProject-Phase-1\22694091_NguyenThiYenBinh_EProject\actions-runner\bin'
[2025-10-24 15:38:59Z INFO HostContext] Well known directory 'Root': 'D:\document\hoc\LTHDV\EProject-Phase-1\22694091_NguyenThiYenBinh_EProject\actions-runner'
[2025-10-24 15:38:59Z INFO HostContext] Well known config file 'Credentials': 'D:\document\hoc\LTHDV\EProject-Phase-1\22694091_NguyenThiYenBinh_EProject\actions-runner\.credentials'
[2025-10-24 15:38:59Z INFO ConfigurationStore] CredFilePath: D:\document\hoc\LTHDV\EProject-Phase-1\22694091_NguyenThiYenBinh_EProject\actions-runner\.credentials
[2025-10-24 15:38:59Z INFO HostContext] Well known directory 'Bin': 'D:\document\hoc\LTHDV\EProject-Phase-1\22694091_NguyenThiYenBinh_EProject\actions-runner\bin'
[2025-10-24 15:38:59Z INFO HostContext] Well known directory 'Root': 'D:\document\hoc\LTHDV\EProject-Phase-1\22694091_NguyenThiYenBinh_EProject\actions-runner'
[2025-10-24 15:38:59Z INFO HostContext] Well known config file 'MigratedCredentials': 'D:\document\hoc\LTHDV\EProject-Phase-1\22694091_NguyenThiYenBinh_EProject\actions-runner\.credentials_migrated'
[2025-10-24 15:38:59Z INFO ConfigurationStore] MigratedCredFilePath: D:\document\hoc\LTHDV\EProject-Phase-1\22694091_NguyenThiYenBinh_EProject\actions-runner\.credentials_migrated
[2025-10-24 15:38:59Z INFO HostContext] Well known directory 'Bin': 'D:\document\hoc\LTHDV\EProject-Phase-1\22694091_NguyenThiYenBinh_EProject\actions-runner\bin'
[2025-10-24 15:38:59Z INFO HostContext] Well known directory 'Root': 'D:\document\hoc\LTHDV\EProject-Phase-1\22694091_NguyenThiYenBinh_EProject\actions-runner'
[2025-10-24 15:38:59Z INFO HostContext] Well known config file 'Service': 'D:\document\hoc\LTHDV\EProject-Phase-1\22694091_NguyenThiYenBinh_EProject\actions-runner\.service'
[2025-10-24 15:38:59Z INFO ConfigurationStore] ServiceConfigFilePath: D:\document\hoc\LTHDV\EProject-Phase-1\22694091_NguyenThiYenBinh_EProject\actions-runner\.service
[2025-10-24 15:38:59Z INFO CommandSettings] Flag 'help': 'False'
[2025-10-24 15:38:59Z INFO CommandSettings] Flag 'version': 'False'
[2025-10-24 15:38:59Z INFO CommandSettings] Flag 'commit': 'False'
[2025-10-24 15:38:59Z INFO CommandSettings] Flag 'check': 'False'
[2025-10-24 15:38:59Z INFO CommandSettings] Command 'configure': 'False'
[2025-10-24 15:38:59Z INFO CommandSettings] Command 'remove': 'False'
[2025-10-24 15:38:59Z INFO CommandSettings] Command 'warmup': 'False'
[2025-10-24 15:38:59Z INFO ConfigurationManager] LoadSettings
[2025-10-24 15:38:59Z INFO ConfigurationStore] IsConfigured()
[2025-10-24 15:38:59Z INFO ConfigurationStore] IsConfigured: True
[2025-10-24 15:38:59Z INFO ConfigurationManager] Is configured: True
[2025-10-24 15:38:59Z INFO ConfigurationStore] Read setting file: 411 chars
[2025-10-24 15:38:59Z INFO ConfigurationManager] Settings Loaded
[2025-10-24 15:38:59Z INFO ConfigurationStore] IsServiceConfigured()
[2025-10-24 15:38:59Z INFO ConfigurationStore] IsServiceConfigured: True
[2025-10-24 15:38:59Z INFO CommandSettings] Command 'run': 'True'
[2025-10-24 15:38:59Z INFO ConfigurationStore] IsConfigured()
[2025-10-24 15:38:59Z INFO ConfigurationStore] IsConfigured: True
[2025-10-24 15:38:59Z INFO ConfigurationManager] Is configured: True
[2025-10-24 15:38:59Z INFO Runner] Try determine runner startup type base on console redirects.
[2025-10-24 15:38:59Z INFO Runner] Set runner startup type - Manual
[2025-10-24 15:38:59Z INFO CommandSettings] Flag 'once': 'False'
[2025-10-24 15:38:59Z INFO CommandSettings] Flag 'once': 'False'
[2025-10-24 15:38:59Z INFO Runner] RunAsync
[2025-10-24 15:38:59Z INFO ConfigurationManager] LoadMigratedSettings
[2025-10-24 15:38:59Z INFO ConfigurationStore] IsMigratedConfigured()
[2025-10-24 15:38:59Z INFO ConfigurationStore] IsMigratedConfigured: False
[2025-10-24 15:38:59Z INFO Runner] Failed to load migrated settings: No migrated configuration found.
[2025-10-24 15:38:59Z INFO Runner] Falling back to original .runner settings
[2025-10-24 15:38:59Z INFO Runner] Using BrokerMessageListener
[2025-10-24 15:38:59Z INFO BrokerMessageListener] Using provided settings
[2025-10-24 15:38:59Z INFO BrokerMessageListener] {
  "AgentId": 2,
  "AgentName": "YBINH",
  "PoolId": 1,
  "PoolName": "Default",
  "ServerUrl": "https://pipelinesghubeus10.actions.githubusercontent.com/WJS5UPUw92Mno211VHt0ORvI14TN0ZJeoUdbB6kpUpxlKu7XKK/",
  "GitHubUrl": "https://github.com/ybinh07/22694091_NguyenThiYenBinh_EProject",
  "WorkFolder": "_work",
  "UseV2Flow": true,
  "ServerUrlV2": "https://broker.actions.githubusercontent.com/"
}
[2025-10-24 15:38:59Z INFO BrokerMessageListener] Loading Credentials
[2025-10-24 15:38:59Z INFO ConfigurationStore] HasCredentials()
[2025-10-24 15:38:59Z INFO ConfigurationStore] stored True
[2025-10-24 15:38:59Z INFO CredentialManager] GetCredentialProvider
[2025-10-24 15:38:59Z INFO CredentialManager] Creating type OAuth
[2025-10-24 15:38:59Z INFO CredentialManager] Creating credential type: OAuth
[2025-10-24 15:38:59Z INFO HostContext] Well known directory 'Bin': 'D:\document\hoc\LTHDV\EProject-Phase-1\22694091_NguyenThiYenBinh_EProject\actions-runner\bin'
[2025-10-24 15:38:59Z INFO HostContext] Well known directory 'Root': 'D:\document\hoc\LTHDV\EProject-Phase-1\22694091_NguyenThiYenBinh_EProject\actions-runner'
[2025-10-24 15:38:59Z INFO HostContext] Well known config file 'RSACredentials': 'D:\document\hoc\LTHDV\EProject-Phase-1\22694091_NguyenThiYenBinh_EProject\actions-runner\.credentials_rsaparams'
[2025-10-24 15:38:59Z INFO RSAEncryptedFileKeyManager] Loading RSA key parameters from file D:\document\hoc\LTHDV\EProject-Phase-1\22694091_NguyenThiYenBinh_EProject\actions-runner\.credentials_rsaparams
[2025-10-24 15:38:59Z INFO BrokerMessageListener] Attempt to create session.
[2025-10-24 15:38:59Z INFO BrokerMessageListener] Connecting to the Broker Server...
[2025-10-24 15:38:59Z INFO ConfigurationStore] HasCredentials()
[2025-10-24 15:38:59Z INFO ConfigurationStore] stored True
[2025-10-24 15:38:59Z INFO CredentialManager] GetCredentialProvider
[2025-10-24 15:38:59Z INFO CredentialManager] Creating type OAuth
[2025-10-24 15:38:59Z INFO CredentialManager] Creating credential type: OAuth
[2025-10-24 15:38:59Z INFO RSAEncryptedFileKeyManager] Loading RSA key parameters from file D:\document\hoc\LTHDV\EProject-Phase-1\22694091_NguyenThiYenBinh_EProject\actions-runner\.credentials_rsaparams
[2025-10-24 15:38:59Z INFO BrokerMessageListener] VssConnection created
[2025-10-24 15:38:59Z INFO BrokerMessageListener] Connecting to the Runner server...
[2025-10-24 15:38:59Z INFO RunnerServer] EstablishVssConnection
[2025-10-24 15:38:59Z INFO RunnerServer] Establish connection with 100 seconds timeout.
[2025-10-24 15:38:59Z INFO GitHubActionsService] Starting operation Location.GetConnectionData
[2025-10-24 15:38:59Z INFO RunnerServer] EstablishVssConnection
[2025-10-24 15:38:59Z INFO RunnerServer] Establish connection with 60 seconds timeout.
[2025-10-24 15:38:59Z INFO GitHubActionsService] Starting operation Location.GetConnectionData
[2025-10-24 15:38:59Z INFO RunnerServer] EstablishVssConnection
[2025-10-24 15:38:59Z INFO RunnerServer] Establish connection with 60 seconds timeout.
[2025-10-24 15:38:59Z INFO GitHubActionsService] Starting operation Location.GetConnectionData
[2025-10-24 15:39:00Z INFO GitHubActionsService] Finished operation Location.GetConnectionData
[2025-10-24 15:39:00Z INFO GitHubActionsService] Finished operation Location.GetConnectionData
[2025-10-24 15:39:00Z INFO GitHubActionsService] Finished operation Location.GetConnectionData
[2025-10-24 15:39:01Z INFO BrokerMessageListener] VssConnection created
[2025-10-24 15:39:01Z INFO Terminal] WRITE LINE: 
[2025-10-24 15:39:01Z INFO Terminal] WRITE LINE: 
[2025-10-24 15:39:01Z INFO RSAEncryptedFileKeyManager] Loading RSA key parameters from file D:\document\hoc\LTHDV\EProject-Phase-1\22694091_NguyenThiYenBinh_EProject\actions-runner\.credentials_rsaparams
[2025-10-24 15:39:01Z INFO RSAEncryptedFileKeyManager] Loading RSA key parameters from file D:\document\hoc\LTHDV\EProject-Phase-1\22694091_NguyenThiYenBinh_EProject\actions-runner\.credentials_rsaparams
[2025-10-24 15:39:02Z INFO GitHubActionsService] AAD Correlation ID for this token request: Unknown
[2025-10-24 15:39:02Z INFO BrokerMessageListener] Session created.
[2025-10-24 15:39:02Z INFO Terminal] WRITE LINE: Current runner version: '2.329.0'
[2025-10-24 15:39:02Z INFO Terminal] WRITE LINE: 2025-10-24 15:39:02Z: Listening for Jobs
[2025-10-24 15:39:02Z INFO JobDispatcher] Set runner/worker IPC timeout to 30 seconds.
[2025-10-24 15:48:12Z INFO Terminal] WRITE LINE: Exiting...
[2025-10-24 15:48:12Z INFO ConfigurationStore] IsServiceConfigured()
[2025-10-24 15:48:12Z INFO ConfigurationStore] IsServiceConfigured: True
[2025-10-24 15:48:12Z INFO Runner] Received Ctrl-C signal, stop Runner.Listener and Runner.Worker.
[2025-10-24 15:48:12Z INFO HostContext] Runner will be shutdown for UserCancelled
[2025-10-24 15:48:12Z WARN GitHubActionsService] GET request to https://broker.actions.githubusercontent.com/message?sessionId=07c8ef48-4460-4657-9b62-b502aba87ddc&status=Online&runnerVersion=2.329.0&os=Windows&architecture=X64&disableUpdate=false has been cancelled.
[2025-10-24 15:48:12Z ERR  BrokerServer] Catch exception during request
[2025-10-24 15:48:12Z ERR  BrokerServer] System.Threading.Tasks.TaskCanceledException: The operation was canceled.
 ---> System.Threading.Tasks.TaskCanceledException: The operation was canceled.
 ---> System.IO.IOException: Unable to read data from the transport connection: The I/O operation has been aborted because of either a thread exit or an application request..
 ---> System.Net.Sockets.SocketException (995): The I/O operation has been aborted because of either a thread exit or an application request.
   --- End of inner exception stack trace ---
   at System.Net.Sockets.Socket.AwaitableSocketAsyncEventArgs.ThrowException(SocketError error, CancellationToken cancellationToken)
   at System.Net.Sockets.Socket.AwaitableSocketAsyncEventArgs.System.Threading.Tasks.Sources.IValueTaskSource<System.Int32>.GetResult(Int16 token)
   at System.Net.Security.SslStream.EnsureFullTlsFrameAsync[TIOAdapter](CancellationToken cancellationToken, Int32 estimatedSize)
   at System.Runtime.CompilerServices.PoolingAsyncValueTaskMethodBuilder`1.StateMachineBox`1.System.Threading.Tasks.Sources.IValueTaskSource<TResult>.GetResult(Int16 token)
   at System.Net.Security.SslStream.ReadAsyncInternal[TIOAdapter](Memory`1 buffer, CancellationToken cancellationToken)
   at System.Runtime.CompilerServices.PoolingAsyncValueTaskMethodBuilder`1.StateMachineBox`1.System.Threading.Tasks.Sources.IValueTaskSource<TResult>.GetResult(Int16 token)
   at System.Net.Http.HttpConnection.SendAsync(HttpRequestMessage request, Boolean async, CancellationToken cancellationToken)
   --- End of inner exception stack trace ---
   at System.Net.Http.HttpConnection.SendAsync(HttpRequestMessage request, Boolean async, CancellationToken cancellationToken)
   at System.Net.Http.AuthenticationHelper.SendWithNtAuthAsync(HttpRequestMessage request, Uri authUri, Boolean async, ICredentials credentials, Boolean isProxyAuth, HttpConnection connection, HttpConnectionPool connectionPool, CancellationToken cancellationToken)
   at System.Net.Http.HttpConnectionPool.SendWithVersionDetectionAndRetryAsync(HttpRequestMessage request, Boolean async, Boolean doRequestAuth, CancellationToken cancellationToken)
   at System.Net.Http.AuthenticationHelper.SendWithAuthAsync(HttpRequestMessage request, Uri authUri, Boolean async, ICredentials credentials, Boolean preAuthenticate, Boolean isProxyAuth, Boolean doRequestAuth, HttpConnectionPool pool, CancellationToken cancellationToken)
   at System.Net.Http.RedirectHandler.SendAsync(HttpRequestMessage request, Boolean async, CancellationToken cancellationToken)
   at GitHub.Services.Common.RawHttpMessageHandler.SendAsync(HttpRequestMessage request, CancellationToken cancellationToken)
   at GitHub.Services.Common.VssHttpRetryMessageHandler.SendAsync(HttpRequestMessage request, CancellationToken cancellationToken)
   at System.Net.Http.HttpClient.<SendAsync>g__Core|83_0(HttpRequestMessage request, HttpCompletionOption completionOption, CancellationTokenSource cts, Boolean disposeCts, CancellationTokenSource pendingRequestsCts, CancellationToken originalCancellationToken)
   --- End of inner exception stack trace ---
   at System.Net.Http.HttpClient.HandleFailure(Exception e, Boolean telemetryStarted, HttpResponseMessage response, CancellationTokenSource cts, CancellationToken cancellationToken, CancellationTokenSource pendingRequestsCts)
   at System.Net.Http.HttpClient.<SendAsync>g__Core|83_0(HttpRequestMessage request, HttpCompletionOption completionOption, CancellationTokenSource cts, Boolean disposeCts, CancellationTokenSource pendingRequestsCts, CancellationToken originalCancellationToken)
   at Sdk.WebApi.WebApi.RawHttpClientBase.SendAsync(HttpRequestMessage message, HttpCompletionOption completionOption, Object userState, CancellationToken cancellationToken)
   at Sdk.WebApi.WebApi.RawHttpClientBase.SendAsync[T](HttpRequestMessage message, Boolean readErrorBody, Object userState, CancellationToken cancellationToken)
   at Sdk.WebApi.WebApi.RawHttpClientBase.SendAsync[T](HttpMethod method, IEnumerable`1 additionalHeaders, Uri requestUri, HttpContent content, IEnumerable`1 queryParameters, Boolean readErrorBody, Object userState, CancellationToken cancellationToken)
   at GitHub.Actions.RunService.WebApi.BrokerHttpClient.GetRunnerMessageAsync(Nullable`1 sessionId, String runnerVersion, Nullable`1 status, String os, String architecture, Nullable`1 disableUpdate, CancellationToken cancellationToken)
   at GitHub.Runner.Common.BrokerServer.<>c__DisplayClass7_0.<<GetRunnerMessageAsync>b__0>d.MoveNext()
--- End of stack trace from previous location ---
   at GitHub.Runner.Common.RunnerService.RetryRequest[T](Func`1 func, CancellationToken cancellationToken, Int32 maxAttempts, Func`2 shouldRetry)
[2025-10-24 15:48:12Z ERR  BrokerServer] #####################################################
[2025-10-24 15:48:12Z ERR  BrokerServer] System.Threading.Tasks.TaskCanceledException: The operation was canceled.
 ---> System.IO.IOException: Unable to read data from the transport connection: The I/O operation has been aborted because of either a thread exit or an application request..
 ---> System.Net.Sockets.SocketException (995): The I/O operation has been aborted because of either a thread exit or an application request.
   --- End of inner exception stack trace ---
   at System.Net.Sockets.Socket.AwaitableSocketAsyncEventArgs.ThrowException(SocketError error, CancellationToken cancellationToken)
   at System.Net.Sockets.Socket.AwaitableSocketAsyncEventArgs.System.Threading.Tasks.Sources.IValueTaskSource<System.Int32>.GetResult(Int16 token)
   at System.Net.Security.SslStream.EnsureFullTlsFrameAsync[TIOAdapter](CancellationToken cancellationToken, Int32 estimatedSize)
   at System.Runtime.CompilerServices.PoolingAsyncValueTaskMethodBuilder`1.StateMachineBox`1.System.Threading.Tasks.Sources.IValueTaskSource<TResult>.GetResult(Int16 token)
   at System.Net.Security.SslStream.ReadAsyncInternal[TIOAdapter](Memory`1 buffer, CancellationToken cancellationToken)
   at System.Runtime.CompilerServices.PoolingAsyncValueTaskMethodBuilder`1.StateMachineBox`1.System.Threading.Tasks.Sources.IValueTaskSource<TResult>.GetResult(Int16 token)
   at System.Net.Http.HttpConnection.SendAsync(HttpRequestMessage request, Boolean async, CancellationToken cancellationToken)
   --- End of inner exception stack trace ---
   at System.Net.Http.HttpConnection.SendAsync(HttpRequestMessage request, Boolean async, CancellationToken cancellationToken)
   at System.Net.Http.AuthenticationHelper.SendWithNtAuthAsync(HttpRequestMessage request, Uri authUri, Boolean async, ICredentials credentials, Boolean isProxyAuth, HttpConnection connection, HttpConnectionPool connectionPool, CancellationToken cancellationToken)
   at System.Net.Http.HttpConnectionPool.SendWithVersionDetectionAndRetryAsync(HttpRequestMessage request, Boolean async, Boolean doRequestAuth, CancellationToken cancellationToken)
   at System.Net.Http.AuthenticationHelper.SendWithAuthAsync(HttpRequestMessage request, Uri authUri, Boolean async, ICredentials credentials, Boolean preAuthenticate, Boolean isProxyAuth, Boolean doRequestAuth, HttpConnectionPool pool, CancellationToken cancellationToken)
   at System.Net.Http.RedirectHandler.SendAsync(HttpRequestMessage request, Boolean async, CancellationToken cancellationToken)
   at GitHub.Services.Common.RawHttpMessageHandler.SendAsync(HttpRequestMessage request, CancellationToken cancellationToken)
   at GitHub.Services.Common.VssHttpRetryMessageHandler.SendAsync(HttpRequestMessage request, CancellationToken cancellationToken)
   at System.Net.Http.HttpClient.<SendAsync>g__Core|83_0(HttpRequestMessage request, HttpCompletionOption completionOption, CancellationTokenSource cts, Boolean disposeCts, CancellationTokenSource pendingRequestsCts, CancellationToken originalCancellationToken)
[2025-10-24 15:48:12Z ERR  BrokerServer] #####################################################
[2025-10-24 15:48:12Z ERR  BrokerServer] System.IO.IOException: Unable to read data from the transport connection: The I/O operation has been aborted because of either a thread exit or an application request..
 ---> System.Net.Sockets.SocketException (995): The I/O operation has been aborted because of either a thread exit or an application request.
   --- End of inner exception stack trace ---
   at System.Net.Sockets.Socket.AwaitableSocketAsyncEventArgs.ThrowException(SocketError error, CancellationToken cancellationToken)
   at System.Net.Sockets.Socket.AwaitableSocketAsyncEventArgs.System.Threading.Tasks.Sources.IValueTaskSource<System.Int32>.GetResult(Int16 token)
   at System.Net.Security.SslStream.EnsureFullTlsFrameAsync[TIOAdapter](CancellationToken cancellationToken, Int32 estimatedSize)
   at System.Runtime.CompilerServices.PoolingAsyncValueTaskMethodBuilder`1.StateMachineBox`1.System.Threading.Tasks.Sources.IValueTaskSource<TResult>.GetResult(Int16 token)
   at System.Net.Security.SslStream.ReadAsyncInternal[TIOAdapter](Memory`1 buffer, CancellationToken cancellationToken)
   at System.Runtime.CompilerServices.PoolingAsyncValueTaskMethodBuilder`1.StateMachineBox`1.System.Threading.Tasks.Sources.IValueTaskSource<TResult>.GetResult(Int16 token)
   at System.Net.Http.HttpConnection.SendAsync(HttpRequestMessage request, Boolean async, CancellationToken cancellationToken)
[2025-10-24 15:48:12Z ERR  BrokerServer] #####################################################
[2025-10-24 15:48:12Z ERR  BrokerServer] System.Net.Sockets.SocketException (995): The I/O operation has been aborted because of either a thread exit or an application request.
[2025-10-24 15:48:12Z WARN BrokerServer] Back off 5.662 seconds before next retry. 4 attempt left.
[2025-10-24 15:48:12Z INFO BrokerMessageListener] Get next message has been cancelled.
[2025-10-24 15:48:12Z INFO JobDispatcher] Shutting down JobDispatcher. Make sure all WorkerDispatcher has finished.
[2025-10-24 15:48:12Z INFO Runner] Deleting Runner Session...
[2025-10-24 15:48:14Z INFO Listener] Runner execution been cancelled.
