[2025-10-24 14:33:33Z INFO HostContext] No proxy settings were found based on environmental variables (http_proxy/https_proxy/HTTP_PROXY/HTTPS_PROXY)
[2025-10-24 14:33:33Z INFO HostContext] Well known directory 'Bin': 'D:\document\hoc\LTHDV\EProject-Phase-1\22694091_NguyenThiYenBinh_EProject\actions-runner\bin'
[2025-10-24 14:33:33Z INFO HostContext] Well known directory 'Root': 'D:\document\hoc\LTHDV\EProject-Phase-1\22694091_NguyenThiYenBinh_EProject\actions-runner'
[2025-10-24 14:33:33Z INFO HostContext] Well known config file 'Credentials': 'D:\document\hoc\LTHDV\EProject-Phase-1\22694091_NguyenThiYenBinh_EProject\actions-runner\.credentials'
[2025-10-24 14:33:34Z INFO HostContext] Well known directory 'Bin': 'D:\document\hoc\LTHDV\EProject-Phase-1\22694091_NguyenThiYenBinh_EProject\actions-runner\bin'
[2025-10-24 14:33:34Z INFO HostContext] Well known directory 'Root': 'D:\document\hoc\LTHDV\EProject-Phase-1\22694091_NguyenThiYenBinh_EProject\actions-runner'
[2025-10-24 14:33:34Z INFO HostContext] Well known config file 'Runner': 'D:\document\hoc\LTHDV\EProject-Phase-1\22694091_NguyenThiYenBinh_EProject\actions-runner\.runner'
[2025-10-24 14:33:34Z INFO Listener] Runner is built for Windows (X64) - win-x64.
[2025-10-24 14:33:34Z INFO Listener] RuntimeInformation: Microsoft Windows 10.0.26100.
[2025-10-24 14:33:34Z INFO Listener] Version: 2.329.0
[2025-10-24 14:33:34Z INFO Listener] Commit: c76c59996c8fa32e989164a5a695efb12608ae5a
[2025-10-24 14:33:34Z INFO Listener] Culture: en-US
[2025-10-24 14:33:34Z INFO Listener] UI Culture: en-US
[2025-10-24 14:33:34Z INFO HostContext] Well known directory 'Bin': 'D:\document\hoc\LTHDV\EProject-Phase-1\22694091_NguyenThiYenBinh_EProject\actions-runner\bin'
[2025-10-24 14:33:34Z INFO HostContext] Well known directory 'Root': 'D:\document\hoc\LTHDV\EProject-Phase-1\22694091_NguyenThiYenBinh_EProject\actions-runner'
[2025-10-24 14:33:34Z INFO Listener] Validating directory permissions for: 'D:\document\hoc\LTHDV\EProject-Phase-1\22694091_NguyenThiYenBinh_EProject\actions-runner'
[2025-10-24 14:33:34Z INFO CommandLineParser] Parse
[2025-10-24 14:33:34Z INFO CommandLineParser] Parsing 1 args
[2025-10-24 14:33:34Z INFO CommandLineParser] parsing argument
[2025-10-24 14:33:34Z INFO CommandLineParser] HasArgs: False
[2025-10-24 14:33:34Z INFO CommandLineParser] Adding Command: run
[2025-10-24 14:33:34Z INFO Listener] Arguments parsed
[2025-10-24 14:33:34Z INFO Runner] ExecuteCommand
[2025-10-24 14:33:34Z INFO ConfigurationStore] currentAssemblyLocation: D:\document\hoc\LTHDV\EProject-Phase-1\22694091_NguyenThiYenBinh_EProject\actions-runner\bin\Runner.Listener.dll
[2025-10-24 14:33:34Z INFO HostContext] Well known directory 'Bin': 'D:\document\hoc\LTHDV\EProject-Phase-1\22694091_NguyenThiYenBinh_EProject\actions-runner\bin'
[2025-10-24 14:33:34Z INFO ConfigurationStore] binPath: D:\document\hoc\LTHDV\EProject-Phase-1\22694091_NguyenThiYenBinh_EProject\actions-runner\bin
[2025-10-24 14:33:34Z INFO HostContext] Well known directory 'Bin': 'D:\document\hoc\LTHDV\EProject-Phase-1\22694091_NguyenThiYenBinh_EProject\actions-runner\bin'
[2025-10-24 14:33:34Z INFO HostContext] Well known directory 'Root': 'D:\document\hoc\LTHDV\EProject-Phase-1\22694091_NguyenThiYenBinh_EProject\actions-runner'
[2025-10-24 14:33:34Z INFO ConfigurationStore] RootFolder: D:\document\hoc\LTHDV\EProject-Phase-1\22694091_NguyenThiYenBinh_EProject\actions-runner
[2025-10-24 14:33:34Z INFO HostContext] Well known directory 'Bin': 'D:\document\hoc\LTHDV\EProject-Phase-1\22694091_NguyenThiYenBinh_EProject\actions-runner\bin'
[2025-10-24 14:33:34Z INFO HostContext] Well known directory 'Root': 'D:\document\hoc\LTHDV\EProject-Phase-1\22694091_NguyenThiYenBinh_EProject\actions-runner'
[2025-10-24 14:33:34Z INFO HostContext] Well known config file 'Runner': 'D:\document\hoc\LTHDV\EProject-Phase-1\22694091_NguyenThiYenBinh_EProject\actions-runner\.runner'
[2025-10-24 14:33:34Z INFO ConfigurationStore] ConfigFilePath: D:\document\hoc\LTHDV\EProject-Phase-1\22694091_NguyenThiYenBinh_EProject\actions-runner\.runner
[2025-10-24 14:33:34Z INFO HostContext] Well known directory 'Bin': 'D:\document\hoc\LTHDV\EProject-Phase-1\22694091_NguyenThiYenBinh_EProject\actions-runner\bin'
[2025-10-24 14:33:34Z INFO HostContext] Well known directory 'Root': 'D:\document\hoc\LTHDV\EProject-Phase-1\22694091_NguyenThiYenBinh_EProject\actions-runner'
[2025-10-24 14:33:34Z INFO HostContext] Well known config file 'MigratedRunner': 'D:\document\hoc\LTHDV\EProject-Phase-1\22694091_NguyenThiYenBinh_EProject\actions-runner\.runner_migrated'
[2025-10-24 14:33:34Z INFO ConfigurationStore] MigratedConfigFilePath: D:\document\hoc\LTHDV\EProject-Phase-1\22694091_NguyenThiYenBinh_EProject\actions-runner\.runner_migrated
[2025-10-24 14:33:34Z INFO HostContext] Well known directory 'Bin': 'D:\document\hoc\LTHDV\EProject-Phase-1\22694091_NguyenThiYenBinh_EProject\actions-runner\bin'
[2025-10-24 14:33:34Z INFO HostContext] Well known directory 'Root': 'D:\document\hoc\LTHDV\EProject-Phase-1\22694091_NguyenThiYenBinh_EProject\actions-runner'
[2025-10-24 14:33:34Z INFO HostContext] Well known config file 'Credentials': 'D:\document\hoc\LTHDV\EProject-Phase-1\22694091_NguyenThiYenBinh_EProject\actions-runner\.credentials'
[2025-10-24 14:33:34Z INFO ConfigurationStore] CredFilePath: D:\document\hoc\LTHDV\EProject-Phase-1\22694091_NguyenThiYenBinh_EProject\actions-runner\.credentials
[2025-10-24 14:33:34Z INFO HostContext] Well known directory 'Bin': 'D:\document\hoc\LTHDV\EProject-Phase-1\22694091_NguyenThiYenBinh_EProject\actions-runner\bin'
[2025-10-24 14:33:34Z INFO HostContext] Well known directory 'Root': 'D:\document\hoc\LTHDV\EProject-Phase-1\22694091_NguyenThiYenBinh_EProject\actions-runner'
[2025-10-24 14:33:34Z INFO HostContext] Well known config file 'MigratedCredentials': 'D:\document\hoc\LTHDV\EProject-Phase-1\22694091_NguyenThiYenBinh_EProject\actions-runner\.credentials_migrated'
[2025-10-24 14:33:34Z INFO ConfigurationStore] MigratedCredFilePath: D:\document\hoc\LTHDV\EProject-Phase-1\22694091_NguyenThiYenBinh_EProject\actions-runner\.credentials_migrated
[2025-10-24 14:33:34Z INFO HostContext] Well known directory 'Bin': 'D:\document\hoc\LTHDV\EProject-Phase-1\22694091_NguyenThiYenBinh_EProject\actions-runner\bin'
[2025-10-24 14:33:34Z INFO HostContext] Well known directory 'Root': 'D:\document\hoc\LTHDV\EProject-Phase-1\22694091_NguyenThiYenBinh_EProject\actions-runner'
[2025-10-24 14:33:34Z INFO HostContext] Well known config file 'Service': 'D:\document\hoc\LTHDV\EProject-Phase-1\22694091_NguyenThiYenBinh_EProject\actions-runner\.service'
[2025-10-24 14:33:34Z INFO ConfigurationStore] ServiceConfigFilePath: D:\document\hoc\LTHDV\EProject-Phase-1\22694091_NguyenThiYenBinh_EProject\actions-runner\.service
[2025-10-24 14:33:34Z INFO CommandSettings] Flag 'help': 'False'
[2025-10-24 14:33:34Z INFO CommandSettings] Flag 'version': 'False'
[2025-10-24 14:33:34Z INFO CommandSettings] Flag 'commit': 'False'
[2025-10-24 14:33:34Z INFO CommandSettings] Flag 'check': 'False'
[2025-10-24 14:33:34Z INFO CommandSettings] Command 'configure': 'False'
[2025-10-24 14:33:34Z INFO CommandSettings] Command 'remove': 'False'
[2025-10-24 14:33:34Z INFO CommandSettings] Command 'warmup': 'False'
[2025-10-24 14:33:34Z INFO ConfigurationManager] LoadSettings
[2025-10-24 14:33:34Z INFO ConfigurationStore] IsConfigured()
[2025-10-24 14:33:34Z INFO ConfigurationStore] IsConfigured: True
[2025-10-24 14:33:34Z INFO ConfigurationManager] Is configured: True
[2025-10-24 14:33:34Z INFO ConfigurationStore] Read setting file: 411 chars
[2025-10-24 14:33:34Z INFO ConfigurationManager] Settings Loaded
[2025-10-24 14:33:34Z INFO ConfigurationStore] IsServiceConfigured()
[2025-10-24 14:33:34Z INFO ConfigurationStore] IsServiceConfigured: True
[2025-10-24 14:33:34Z INFO CommandSettings] Command 'run': 'True'
[2025-10-24 14:33:34Z INFO ConfigurationStore] IsConfigured()
[2025-10-24 14:33:34Z INFO ConfigurationStore] IsConfigured: True
[2025-10-24 14:33:34Z INFO ConfigurationManager] Is configured: True
[2025-10-24 14:33:34Z INFO Runner] Try determine runner startup type base on console redirects.
[2025-10-24 14:33:34Z INFO Runner] Set runner startup type - Manual
[2025-10-24 14:33:34Z INFO CommandSettings] Flag 'once': 'False'
[2025-10-24 14:33:34Z INFO CommandSettings] Flag 'once': 'False'
[2025-10-24 14:33:34Z INFO Runner] RunAsync
[2025-10-24 14:33:34Z INFO ConfigurationManager] LoadMigratedSettings
[2025-10-24 14:33:34Z INFO ConfigurationStore] IsMigratedConfigured()
[2025-10-24 14:33:34Z INFO ConfigurationStore] IsMigratedConfigured: False
[2025-10-24 14:33:34Z INFO Runner] Failed to load migrated settings: No migrated configuration found.
[2025-10-24 14:33:34Z INFO Runner] Falling back to original .runner settings
[2025-10-24 14:33:34Z INFO Runner] Using BrokerMessageListener
[2025-10-24 14:33:34Z INFO BrokerMessageListener] Using provided settings
[2025-10-24 14:33:34Z INFO BrokerMessageListener] {
  "AgentId": 2,
  "AgentName": "YBINH",
  "PoolId": 1,
  "PoolName": "Default",
  "ServerUrl": "https://pipelinesghubeus10.actions.githubusercontent.com/WJS5UPUw92Mno211VHt0ORvI14TN0ZJeoUdbB6kpUpxlKu7XKK/",
  "GitHubUrl": "https://github.com/ybinh07/22694091_NguyenThiYenBinh_EProject",
  "WorkFolder": "_work",
  "UseV2Flow": true,
  "ServerUrlV2": "https://broker.actions.githubusercontent.com/"
}
[2025-10-24 14:33:34Z INFO BrokerMessageListener] Loading Credentials
[2025-10-24 14:33:34Z INFO ConfigurationStore] HasCredentials()
[2025-10-24 14:33:34Z INFO ConfigurationStore] stored True
[2025-10-24 14:33:34Z INFO CredentialManager] GetCredentialProvider
[2025-10-24 14:33:34Z INFO CredentialManager] Creating type OAuth
[2025-10-24 14:33:34Z INFO CredentialManager] Creating credential type: OAuth
[2025-10-24 14:33:34Z INFO HostContext] Well known directory 'Bin': 'D:\document\hoc\LTHDV\EProject-Phase-1\22694091_NguyenThiYenBinh_EProject\actions-runner\bin'
[2025-10-24 14:33:34Z INFO HostContext] Well known directory 'Root': 'D:\document\hoc\LTHDV\EProject-Phase-1\22694091_NguyenThiYenBinh_EProject\actions-runner'
[2025-10-24 14:33:34Z INFO HostContext] Well known config file 'RSACredentials': 'D:\document\hoc\LTHDV\EProject-Phase-1\22694091_NguyenThiYenBinh_EProject\actions-runner\.credentials_rsaparams'
[2025-10-24 14:33:34Z INFO RSAEncryptedFileKeyManager] Loading RSA key parameters from file D:\document\hoc\LTHDV\EProject-Phase-1\22694091_NguyenThiYenBinh_EProject\actions-runner\.credentials_rsaparams
[2025-10-24 14:33:34Z INFO BrokerMessageListener] Attempt to create session.
[2025-10-24 14:33:34Z INFO BrokerMessageListener] Connecting to the Broker Server...
[2025-10-24 14:33:34Z INFO ConfigurationStore] HasCredentials()
[2025-10-24 14:33:34Z INFO ConfigurationStore] stored True
[2025-10-24 14:33:34Z INFO CredentialManager] GetCredentialProvider
[2025-10-24 14:33:34Z INFO CredentialManager] Creating type OAuth
[2025-10-24 14:33:34Z INFO CredentialManager] Creating credential type: OAuth
[2025-10-24 14:33:34Z INFO RSAEncryptedFileKeyManager] Loading RSA key parameters from file D:\document\hoc\LTHDV\EProject-Phase-1\22694091_NguyenThiYenBinh_EProject\actions-runner\.credentials_rsaparams
[2025-10-24 14:33:34Z INFO BrokerMessageListener] VssConnection created
[2025-10-24 14:33:34Z INFO BrokerMessageListener] Connecting to the Runner server...
[2025-10-24 14:33:34Z INFO RunnerServer] EstablishVssConnection
[2025-10-24 14:33:34Z INFO RunnerServer] Establish connection with 100 seconds timeout.
[2025-10-24 14:33:34Z INFO GitHubActionsService] Starting operation Location.GetConnectionData
[2025-10-24 14:33:34Z INFO RunnerServer] EstablishVssConnection
[2025-10-24 14:33:34Z INFO RunnerServer] Establish connection with 60 seconds timeout.
[2025-10-24 14:33:34Z INFO GitHubActionsService] Starting operation Location.GetConnectionData
[2025-10-24 14:33:34Z INFO RunnerServer] EstablishVssConnection
[2025-10-24 14:33:34Z INFO RunnerServer] Establish connection with 60 seconds timeout.
[2025-10-24 14:33:34Z INFO GitHubActionsService] Starting operation Location.GetConnectionData
[2025-10-24 14:33:35Z INFO GitHubActionsService] Finished operation Location.GetConnectionData
[2025-10-24 14:33:35Z INFO GitHubActionsService] Finished operation Location.GetConnectionData
[2025-10-24 14:33:35Z INFO GitHubActionsService] Finished operation Location.GetConnectionData
[2025-10-24 14:33:35Z INFO BrokerMessageListener] VssConnection created
[2025-10-24 14:33:35Z INFO Terminal] WRITE LINE: 
[2025-10-24 14:33:35Z INFO Terminal] WRITE LINE: 
[2025-10-24 14:33:35Z INFO RSAEncryptedFileKeyManager] Loading RSA key parameters from file D:\document\hoc\LTHDV\EProject-Phase-1\22694091_NguyenThiYenBinh_EProject\actions-runner\.credentials_rsaparams
[2025-10-24 14:33:35Z INFO RSAEncryptedFileKeyManager] Loading RSA key parameters from file D:\document\hoc\LTHDV\EProject-Phase-1\22694091_NguyenThiYenBinh_EProject\actions-runner\.credentials_rsaparams
[2025-10-24 14:33:36Z INFO GitHubActionsService] AAD Correlation ID for this token request: Unknown
[2025-10-24 14:33:37Z ERR  GitHubActionsService] POST request to https://broker.actions.githubusercontent.com/session failed. HTTP Status: Conflict
[2025-10-24 14:33:37Z ERR  BrokerMessageListener] Catch exception during create session.
[2025-10-24 14:33:37Z ERR  BrokerMessageListener] GitHub.DistributedTask.WebApi.TaskAgentSessionConflictException: Error: Conflict
   at GitHub.Actions.RunService.WebApi.BrokerHttpClient.CreateSessionAsync(TaskAgentSession session, CancellationToken cancellationToken)
   at GitHub.Runner.Common.BrokerServer.CreateSessionAsync(TaskAgentSession session, CancellationToken cancellationToken)
   at GitHub.Runner.Listener.BrokerMessageListener.CreateSessionAsync(CancellationToken token)
[2025-10-24 14:33:37Z INFO BrokerMessageListener] The session for this runner already exists.
[2025-10-24 14:33:37Z ERR  Terminal] WRITE ERROR: A session for this runner already exists.
[2025-10-24 14:33:37Z INFO BrokerMessageListener] The session conflict exception haven't reached retry limit.
[2025-10-24 14:33:37Z ERR  Terminal] WRITE ERROR: 2025-10-24 14:33:37Z: Runner connect error: Error: Conflict. Retrying until reconnected.
[2025-10-24 14:33:37Z INFO BrokerMessageListener] Sleeping for 30 seconds before retrying.
[2025-10-24 14:34:07Z INFO BrokerMessageListener] Attempt to create session.
[2025-10-24 14:34:07Z INFO BrokerMessageListener] Connecting to the Broker Server...
[2025-10-24 14:34:07Z INFO ConfigurationStore] HasCredentials()
[2025-10-24 14:34:07Z INFO ConfigurationStore] stored True
[2025-10-24 14:34:07Z INFO CredentialManager] GetCredentialProvider
[2025-10-24 14:34:07Z INFO CredentialManager] Creating type OAuth
[2025-10-24 14:34:07Z INFO CredentialManager] Creating credential type: OAuth
[2025-10-24 14:34:07Z INFO RSAEncryptedFileKeyManager] Loading RSA key parameters from file D:\document\hoc\LTHDV\EProject-Phase-1\22694091_NguyenThiYenBinh_EProject\actions-runner\.credentials_rsaparams
[2025-10-24 14:34:07Z INFO BrokerMessageListener] VssConnection created
[2025-10-24 14:34:07Z INFO BrokerMessageListener] Connecting to the Runner server...
[2025-10-24 14:34:07Z INFO RunnerServer] EstablishVssConnection
[2025-10-24 14:34:07Z INFO RunnerServer] Establish connection with 100 seconds timeout.
[2025-10-24 14:34:07Z INFO GitHubActionsService] Starting operation Location.GetConnectionData
[2025-10-24 14:34:07Z INFO RunnerServer] EstablishVssConnection
[2025-10-24 14:34:07Z INFO RunnerServer] Establish connection with 60 seconds timeout.
[2025-10-24 14:34:07Z INFO GitHubActionsService] Starting operation Location.GetConnectionData
[2025-10-24 14:34:07Z INFO RunnerServer] EstablishVssConnection
[2025-10-24 14:34:07Z INFO RunnerServer] Establish connection with 60 seconds timeout.
[2025-10-24 14:34:07Z INFO GitHubActionsService] Starting operation Location.GetConnectionData
[2025-10-24 14:34:08Z INFO GitHubActionsService] Finished operation Location.GetConnectionData
[2025-10-24 14:34:08Z INFO GitHubActionsService] Finished operation Location.GetConnectionData
[2025-10-24 14:34:08Z INFO GitHubActionsService] Finished operation Location.GetConnectionData
[2025-10-24 14:34:08Z INFO BrokerMessageListener] VssConnection created
[2025-10-24 14:34:08Z INFO Terminal] WRITE LINE: 
[2025-10-24 14:34:08Z INFO Terminal] WRITE LINE: 
[2025-10-24 14:34:08Z INFO RSAEncryptedFileKeyManager] Loading RSA key parameters from file D:\document\hoc\LTHDV\EProject-Phase-1\22694091_NguyenThiYenBinh_EProject\actions-runner\.credentials_rsaparams
[2025-10-24 14:34:08Z INFO RSAEncryptedFileKeyManager] Loading RSA key parameters from file D:\document\hoc\LTHDV\EProject-Phase-1\22694091_NguyenThiYenBinh_EProject\actions-runner\.credentials_rsaparams
[2025-10-24 14:34:09Z INFO GitHubActionsService] AAD Correlation ID for this token request: Unknown
[2025-10-24 14:34:10Z ERR  GitHubActionsService] POST request to https://broker.actions.githubusercontent.com/session failed. HTTP Status: Conflict
[2025-10-24 14:34:10Z ERR  BrokerMessageListener] Catch exception during create session.
[2025-10-24 14:34:10Z ERR  BrokerMessageListener] GitHub.DistributedTask.WebApi.TaskAgentSessionConflictException: Error: Conflict
   at GitHub.Actions.RunService.WebApi.BrokerHttpClient.CreateSessionAsync(TaskAgentSession session, CancellationToken cancellationToken)
   at GitHub.Runner.Common.BrokerServer.CreateSessionAsync(TaskAgentSession session, CancellationToken cancellationToken)
   at GitHub.Runner.Listener.BrokerMessageListener.CreateSessionAsync(CancellationToken token)
[2025-10-24 14:34:10Z INFO BrokerMessageListener] The session for this runner already exists.
[2025-10-24 14:34:10Z ERR  Terminal] WRITE ERROR: A session for this runner already exists.
[2025-10-24 14:34:10Z INFO BrokerMessageListener] The session conflict exception haven't reached retry limit.
[2025-10-24 14:34:10Z INFO BrokerMessageListener] Sleeping for 30 seconds before retrying.
[2025-10-24 14:34:20Z INFO Terminal] WRITE LINE: Exiting...
[2025-10-24 14:34:20Z INFO ConfigurationStore] IsServiceConfigured()
[2025-10-24 14:34:20Z INFO ConfigurationStore] IsServiceConfigured: True
[2025-10-24 14:34:20Z INFO Runner] Received Ctrl-C signal, stop Runner.Listener and Runner.Worker.
[2025-10-24 14:34:20Z INFO HostContext] Runner will be shutdown for UserCancelled
[2025-10-24 14:34:20Z INFO Listener] Runner execution been cancelled.
